[0.012s] Invoking command in '/home/ws/build/allan_variance_ros2': CMAKE_PREFIX_PATH=${CMAKE_PREFIX_PATH}:/opt/ros/humble /usr/bin/cmake --build /home/ws/build/allan_variance_ros2 -- -j12 -l12
[0.050s] [  2%] Built target allan_variance_ros2_msg__cpp
[0.051s] [ 10%] Built target allan_variance_ros2_msg__rosidl_generator_c
[0.053s] [ 13%] [32mBuilding CXX object CMakeFiles/allan_variance_ros2.dir/src/AllanVarianceComputor.cpp.o[0m
[0.056s] [ 13%] Built target ament_cmake_python_symlink_allan_variance_ros2
[0.067s] [ 21%] Built target allan_variance_ros2_msg__rosidl_typesupport_c
[0.069s] [ 29%] Built target allan_variance_ros2_msg__rosidl_typesupport_fastrtps_c
[0.069s] [ 37%] Built target allan_variance_ros2_msg__rosidl_typesupport_introspection_cpp
[0.071s] [ 54%] Built target allan_variance_ros2_msg__rosidl_typesupport_introspection_c
[0.071s] [ 54%] Built target allan_variance_ros2_msg__rosidl_typesupport_cpp
[0.071s] [ 62%] Built target allan_variance_ros2_msg__rosidl_typesupport_fastrtps_cpp
[0.086s] [ 62%] Built target allan_variance_ros2_msg
[0.101s] [ 64%] Built target allan_variance_ros2_msg__py
[0.109s] [35m[1mConsolidate compiler generated dependencies of target allan_variance_ros2_msg__rosidl_generator_py[0m
[0.118s] [ 70%] Built target allan_variance_ros2_msg__rosidl_generator_py
[0.125s] [35m[1mConsolidate compiler generated dependencies of target allan_variance_ros2__rosidl_typesupport_introspection_c__pyext[0m
[0.125s] [35m[1mConsolidate compiler generated dependencies of target allan_variance_ros2__rosidl_typesupport_fastrtps_c__pyext[0m
[0.125s] [35m[1mConsolidate compiler generated dependencies of target allan_variance_ros2__rosidl_typesupport_c__pyext[0m
[0.135s] [ 81%] Built target allan_variance_ros2__rosidl_typesupport_fastrtps_c__pyext
[0.135s] [ 81%] Built target allan_variance_ros2__rosidl_typesupport_c__pyext
[0.135s] [ 86%] Built target allan_variance_ros2__rosidl_typesupport_introspection_c__pyext
[0.246s] running egg_info
[0.247s] writing allan_variance_ros2.egg-info/PKG-INFO
[0.247s] writing dependency_links to allan_variance_ros2.egg-info/dependency_links.txt
[0.247s] writing top-level names to allan_variance_ros2.egg-info/top_level.txt
[0.249s] reading manifest file 'allan_variance_ros2.egg-info/SOURCES.txt'
[0.250s] writing manifest file 'allan_variance_ros2.egg-info/SOURCES.txt'
[0.270s] [ 86%] Built target ament_cmake_python_build_allan_variance_ros2_egg
[0.280s] In file included from [01m[K/home/ws/src/src/AllanVarianceComputor.cpp:2[m[K:
[0.280s] [01m[K/home/ws/src/include/allan_variance_ros2/AllanVarianceComputor.hpp:9:10:[m[K [01;31m[Kfatal error: [m[Kallan_variance_ros2/msg/Imu9DoF.hpp: No such file or directory
[0.280s]     9 | #include [01;31m[K"allan_variance_ros2/msg/Imu9DoF.hpp"[m[K
[0.280s]       |          [01;31m[K^~~~~~~~~~~~~~~~~~~~~~~~~~~~~~~~~~~~~[m[K
[0.280s] compilation terminated.
[0.290s] gmake[2]: *** [CMakeFiles/allan_variance_ros2.dir/build.make:104: CMakeFiles/allan_variance_ros2.dir/src/AllanVarianceComputor.cpp.o] Error 1
[0.290s] gmake[1]: *** [CMakeFiles/Makefile2:184: CMakeFiles/allan_variance_ros2.dir/all] Error 2
[0.290s] gmake: *** [Makefile:146: all] Error 2
[0.292s] Invoked command in '/home/ws/build/allan_variance_ros2' returned '2': CMAKE_PREFIX_PATH=${CMAKE_PREFIX_PATH}:/opt/ros/humble /usr/bin/cmake --build /home/ws/build/allan_variance_ros2 -- -j12 -l12
