[0.008s] Invoking command in '/home/ws/build/allan_variance_ros2': AMENT_PREFIX_PATH=/home/ws/install/allan_variance_msgs:${AMENT_PREFIX_PATH} CMAKE_PREFIX_PATH=/home/ws/install/allan_variance_msgs:/home/ws/install/allan_variance_ros2:/opt/ros/humble LD_LIBRARY_PATH=/home/ws/install/allan_variance_msgs/lib:${LD_LIBRARY_PATH} PYTHONPATH=/home/ws/install/allan_variance_msgs/local/lib/python3.10/dist-packages:${PYTHONPATH} /usr/bin/cmake --build /home/ws/build/allan_variance_ros2 -- -j12 -l12
[0.026s] -- Found ament_cmake: 1.3.5 (/opt/ros/humble/share/ament_cmake/cmake)
[0.144s] -- Found rclcpp: 16.0.5 (/opt/ros/humble/share/rclcpp/cmake)
[0.166s] -- Found rosidl_generator_c: 3.1.5 (/opt/ros/humble/share/rosidl_generator_c/cmake)
[0.169s] -- Found rosidl_adapter: 3.1.5 (/opt/ros/humble/share/rosidl_adapter/cmake)
[0.174s] -- Found rosidl_generator_cpp: 3.1.5 (/opt/ros/humble/share/rosidl_generator_cpp/cmake)
[0.184s] -- Using all available rosidl_typesupport_c: rosidl_typesupport_fastrtps_c;rosidl_typesupport_introspection_c
[0.198s] -- Using all available rosidl_typesupport_cpp: rosidl_typesupport_fastrtps_cpp;rosidl_typesupport_introspection_cpp
[0.252s] -- Found rmw_implementation_cmake: 6.1.1 (/opt/ros/humble/share/rmw_implementation_cmake/cmake)
[0.253s] -- Found rmw_fastrtps_cpp: 6.2.3 (/opt/ros/humble/share/rmw_fastrtps_cpp/cmake)
[0.334s] -- Using RMW implementation 'rmw_fastrtps_cpp' as default
[0.482s] -- Found rosbag2_cpp: 0.15.7 (/opt/ros/humble/share/rosbag2_cpp/cmake)
[0.509s] -- Found geometry_msgs: 4.2.3 (/opt/ros/humble/share/geometry_msgs/cmake)
[0.548s] -- Found tf2: 0.25.3 (/opt/ros/humble/share/tf2/cmake)
[0.555s] -- Found allan_variance_msgs: 0.0.0 (/home/ws/install/allan_variance_msgs/share/allan_variance_msgs/cmake)
[0.615s] -- OpenMP found will try to link!
[0.669s] -- Configuring done
[0.682s] -- Generating done
[0.683s] -- Build files have been written to: /home/ws/build/allan_variance_ros2
[0.702s] [35m[1mConsolidate compiler generated dependencies of target allan_variance_ros2[0m
[0.714s] [ 16%] [32mBuilding CXX object CMakeFiles/allan_variance_ros2.dir/src/ImuMeasurement.cpp.o[0m
[0.714s] [ 50%] [32mBuilding CXX object CMakeFiles/allan_variance_ros2.dir/src/AllanVarianceComputor.cpp.o[0m
[0.714s] [ 50%] [32mBuilding CXX object CMakeFiles/allan_variance_ros2.dir/src/yaml_parsers.cpp.o[0m
[0.937s] In file included from [01m[K/home/ws/src/allan_variance_ros2/src/AllanVarianceComputor.cpp:2[m[K:
[0.937s] [01m[K/home/ws/src/allan_variance_ros2/include/allan_variance_ros2/AllanVarianceComputor.hpp:9:10:[m[K [01;31m[Kfatal error: [m[Kallan_variance_msgs/msg/Imu9DoF.hpp: No such file or directory
[0.937s]     9 | #include [01;31m[K"allan_variance_msgs/msg/Imu9DoF.hpp"[m[K
[0.937s]       |          [01;31m[K^~~~~~~~~~~~~~~~~~~~~~~~~~~~~~~~~~~~~[m[K
[0.937s] compilation terminated.
[0.948s] gmake[2]: *** [CMakeFiles/allan_variance_ros2.dir/build.make:104: CMakeFiles/allan_variance_ros2.dir/src/AllanVarianceComputor.cpp.o] Error 1
[0.948s] gmake[2]: *** Waiting for unfinished jobs....
[1.427s] [01m[K/home/ws/src/allan_variance_ros2/src/ImuMeasurement.cpp:[m[K In constructor â€˜[01m[KImuMeasurement::ImuMeasurement(uint64_t, const Vector3d&, const Vector3d&)[m[Kâ€™:
[1.427s] [01m[K/home/ws/src/allan_variance_ros2/src/ImuMeasurement.cpp:12:55:[m[K [01;35m[Kwarning: [m[Kunused parameter â€˜[01m[K_I_a_WI[m[Kâ€™ [[01;35m[K]8;;https://gcc.gnu.org/onlinedocs/gcc/Warning-Options.html#index-Wunused-parameter-Wunused-parameter]8;;[m[K]
[1.427s]    12 |                                [01;35m[Kconst Eigen::Vector3d& _I_a_WI[m[K,
[1.427s]       |                                [01;35m[K~~~~~~~~~~~~~~~~~~~~~~~^~~~~~~[m[K
[1.427s] [01m[K/home/ws/src/allan_variance_ros2/src/ImuMeasurement.cpp:13:55:[m[K [01;35m[Kwarning: [m[Kunused parameter â€˜[01m[K_I_w_WI[m[Kâ€™ [[01;35m[K]8;;https://gcc.gnu.org/onlinedocs/gcc/Warning-Options.html#index-Wunused-parameter-Wunused-parameter]8;;[m[K]
[1.427s]    13 |                                [01;35m[Kconst Eigen::Vector3d& _I_w_WI[m[K){
[1.427s]       |                                [01;35m[K~~~~~~~~~~~~~~~~~~~~~~~^~~~~~~[m[K
[1.861s] gmake[1]: *** [CMakeFiles/Makefile2:139: CMakeFiles/allan_variance_ros2.dir/all] Error 2
[1.861s] gmake: *** [Makefile:146: all] Error 2
[1.863s] Invoked command in '/home/ws/build/allan_variance_ros2' returned '2': AMENT_PREFIX_PATH=/home/ws/install/allan_variance_msgs:${AMENT_PREFIX_PATH} CMAKE_PREFIX_PATH=/home/ws/install/allan_variance_msgs:/home/ws/install/allan_variance_ros2:/opt/ros/humble LD_LIBRARY_PATH=/home/ws/install/allan_variance_msgs/lib:${LD_LIBRARY_PATH} PYTHONPATH=/home/ws/install/allan_variance_msgs/local/lib/python3.10/dist-packages:${PYTHONPATH} /usr/bin/cmake --build /home/ws/build/allan_variance_ros2 -- -j12 -l12
