[35m[1mConsolidate compiler generated dependencies of target allan_variance_ros2[0m
[ 16%] [32mBuilding CXX object CMakeFiles/allan_variance_ros2.dir/src/AllanVarianceComputor.cpp.o[0m
[01m[K/home/ws/src/allan_variance_ros2/src/AllanVarianceComputor.cpp:[m[K In constructor â€˜[01m[Kallan_variance_ros::AllanVarianceComputor::AllanVarianceComputor(rclcpp::Node*, std::string, std::string)[m[Kâ€™:
[01m[K/home/ws/src/allan_variance_ros2/src/AllanVarianceComputor.cpp:6:60:[m[K [01;35m[Kwarning: [m[Kunused parameter â€˜[01m[Knh[m[Kâ€™ [[01;35m[K]8;;https://gcc.gnu.org/onlinedocs/gcc/Warning-Options.html#index-Wunused-parameter-Wunused-parameter]8;;[m[K]
    6 | AllanVarianceComputor::AllanVarianceComputor([01;35m[Krclcpp::Node* nh[m[K, std::string config_file, std::string output_path)
      |                                              [01;35m[K~~~~~~~~~~~~~~^~[m[K
[01m[K/home/ws/src/allan_variance_ros2/src/AllanVarianceComputor.cpp:[m[K In member function â€˜[01m[Kvoid allan_variance_ros::AllanVarianceComputor::run(std::string)[m[Kâ€™:
[01m[K/home/ws/src/allan_variance_ros2/src/AllanVarianceComputor.cpp:60:21:[m[K [01;35m[Kwarning: [m[Kloop variable â€˜[01m[Kavailable_topic[m[Kâ€™ creates a copy from type â€˜[01m[Kconst rosbag2_storage::TopicMetadata[m[Kâ€™ [[01;35m[K]8;;https://gcc.gnu.org/onlinedocs/gcc/Warning-Options.html#index-Wrange-loop-construct-Wrange-loop-construct]8;;[m[K]
   60 |     for (const auto [01;35m[Kavailable_topic[m[K : available_topics)
      |                     [01;35m[K^~~~~~~~~~~~~~~[m[K
[01m[K/home/ws/src/allan_variance_ros2/src/AllanVarianceComputor.cpp:60:21:[m[K [01;36m[Knote: [m[Kuse reference type to prevent copying
   60 |     for (const auto [01;36m[Kavailable_topic[m[K : available_topics)
      |                     [01;36m[K^~~~~~~~~~~~~~~[m[K
      |                     [32m[K&[m[K
[01m[K/home/ws/src/allan_variance_ros2/src/AllanVarianceComputor.cpp:105:38:[m[K [01;31m[Kerror: [m[Kâ€˜[01m[Kimu_msg[m[Kâ€™ was not declared in this scope
  105 |       input.I_a_WI = Eigen::Vector3d([01;31m[Kimu_msg[m[K->linear_acceleration.x, imu_msg->linear_acceleration.y,
      |                                      [01;31m[K^~~~~~~[m[K
[01m[K/home/ws/src/allan_variance_ros2/src/AllanVarianceComputor.cpp:34:7:[m[K [01;35m[Kwarning: [m[Kunused variable â€˜[01m[Kimu_counter[m[Kâ€™ [[01;35m[K]8;;https://gcc.gnu.org/onlinedocs/gcc/Warning-Options.html#index-Wunused-variable-Wunused-variable]8;;[m[K]
   34 |   int [01;35m[Kimu_counter[m[K = 0;
      |       [01;35m[K^~~~~~~~~~~[m[K
[01m[K/home/ws/src/allan_variance_ros2/src/AllanVarianceComputor.cpp:[m[K At global scope:
[01m[K/home/ws/src/allan_variance_ros2/src/AllanVarianceComputor.cpp:211:6:[m[K [01;31m[Kerror: [m[Kâ€˜[01m[KAllanVarianceComputor[m[Kâ€™ has not been declared
  211 | void [01;31m[KAllanVarianceComputor[m[K::closeOutputs() {
      |      [01;31m[K^~~~~~~~~~~~~~~~~~~~~[m[K
[01m[K/home/ws/src/allan_variance_ros2/src/AllanVarianceComputor.cpp:[m[K In function â€˜[01m[Kvoid closeOutputs()[m[Kâ€™:
[01m[K/home/ws/src/allan_variance_ros2/src/AllanVarianceComputor.cpp:212:3:[m[K [01;31m[Kerror: [m[Kâ€˜[01m[Kav_output_[m[Kâ€™ was not declared in this scope
  212 |   [01;31m[Kav_output_[m[K.close();
      |   [01;31m[K^~~~~~~~~~[m[K
[01m[K/home/ws/src/allan_variance_ros2/src/AllanVarianceComputor.cpp:[m[K At global scope:
[01m[K/home/ws/src/allan_variance_ros2/src/AllanVarianceComputor.cpp:215:6:[m[K [01;31m[Kerror: [m[Kâ€˜[01m[KAllanVarianceComputor[m[Kâ€™ has not been declared
  215 | void [01;31m[KAllanVarianceComputor[m[K::allanVariance() {
      |      [01;31m[K^~~~~~~~~~~~~~~~~~~~~[m[K
[01m[K/home/ws/src/allan_variance_ros2/src/AllanVarianceComputor.cpp:[m[K In function â€˜[01m[Kvoid allanVariance()[m[Kâ€™:
[01m[K/home/ws/src/allan_variance_ros2/src/AllanVarianceComputor.cpp:237:38:[m[K [01;31m[Kerror: [m[Kâ€˜[01m[Kmeasure_rate_[m[Kâ€™ was not declared in this scope
  237 |     int max_bin_size = period_time * [01;31m[Kmeasure_rate_[m[K;
      |                                      [01;31m[K^~~~~~~~~~~~~[m[K
[01m[K/home/ws/src/allan_variance_ros2/src/AllanVarianceComputor.cpp:238:40:[m[K [01;31m[Kerror: [m[Kâ€˜[01m[Koverlap_[m[Kâ€™ was not declared in this scope; did you mean â€˜[01m[Koverlap[m[Kâ€™?
  238 |     int overlap = floor(max_bin_size * [01;31m[Koverlap_[m[K);
      |                                        [01;31m[K^~~~~~~~[m[K
      |                                        [32m[Koverlap[m[K
[01m[K/home/ws/src/allan_variance_ros2/src/AllanVarianceComputor.cpp:243:31:[m[K [01;31m[Kerror: [m[Kâ€˜[01m[KimuBuffer_[m[Kâ€™ was not declared in this scope
  243 |     for (int j = 0; j < ((int)[01;31m[KimuBuffer_[m[K.size() - max_bin_size); j += (max_bin_size - overlap)) {
      |                               [01;31m[K^~~~~~~~~~[m[K
In file included from [01m[K/opt/ros/humble/include/rclcpp/rclcpp/client.hpp:40[m[K,
                 from [01m[K/opt/ros/humble/include/rclcpp/rclcpp/callback_group.hpp:24[m[K,
                 from [01m[K/opt/ros/humble/include/rclcpp/rclcpp/any_executable.hpp:20[m[K,
                 from [01m[K/opt/ros/humble/include/rclcpp/rclcpp/memory_strategy.hpp:25[m[K,
                 from [01m[K/opt/ros/humble/include/rclcpp/rclcpp/memory_strategies.hpp:18[m[K,
                 from [01m[K/opt/ros/humble/include/rclcpp/rclcpp/executor_options.hpp:20[m[K,
                 from [01m[K/opt/ros/humble/include/rclcpp/rclcpp/executor.hpp:37[m[K,
                 from [01m[K/opt/ros/humble/include/rclcpp/rclcpp/executors/multi_threaded_executor.hpp:25[m[K,
                 from [01m[K/opt/ros/humble/include/rclcpp/rclcpp/executors.hpp:21[m[K,
                 from [01m[K/opt/ros/humble/include/rclcpp/rclcpp/rclcpp.hpp:155[m[K,
                 from [01m[K/home/ws/src/allan_variance_ros2/include/allan_variance_ros2/AllanVarianceComputor.hpp:4[m[K,
                 from [01m[K/home/ws/src/allan_variance_ros2/src/AllanVarianceComputor.cpp:2[m[K:
[01m[K/home/ws/src/allan_variance_ros2/src/AllanVarianceComputor.cpp:292:36:[m[K [01;31m[Kerror: [m[Kâ€˜[01m[KimuBuffer_[m[Kâ€™ was not declared in this scope
  292 |                                 << [01;31m[KimuBuffer_[m[K.size() << " measurements.");
      |                                    [01;31m[K^~~~~~~~~~[m[K
[01m[K/home/ws/src/allan_variance_ros2/src/AllanVarianceComputor.cpp:312:5:[m[K [01;31m[Kerror: [m[Kâ€˜[01m[KwriteAllanDeviation[m[Kâ€™ was not declared in this scope; did you mean â€˜[01m[Kallan_deviation[m[Kâ€™?
  312 |     [01;31m[KwriteAllanDeviation[m[K(allan_deviation, period_time);
      |     [01;31m[K^~~~~~~~~~~~~~~~~~~[m[K
      |     [32m[Kallan_deviation[m[K
[01m[K/home/ws/src/allan_variance_ros2/src/AllanVarianceComputor.cpp:[m[K At global scope:
[01m[K/home/ws/src/allan_variance_ros2/src/AllanVarianceComputor.cpp:321:6:[m[K [01;31m[Kerror: [m[Kâ€˜[01m[KAllanVarianceComputor[m[Kâ€™ has not been declared
  321 | void [01;31m[KAllanVarianceComputor[m[K::writeAllanDeviation(std::vector<double> variance, double period) {
      |      [01;31m[K^~~~~~~~~~~~~~~~~~~~~[m[K
[01m[K/home/ws/src/allan_variance_ros2/src/AllanVarianceComputor.cpp:[m[K In function â€˜[01m[Kvoid writeAllanDeviation(std::vector<double, std::allocator<double> >, double)[m[Kâ€™:
[01m[K/home/ws/src/allan_variance_ros2/src/AllanVarianceComputor.cpp:322:3:[m[K [01;31m[Kerror: [m[Kâ€˜[01m[KaVRecorder_[m[Kâ€™ was not declared in this scope
  322 |   [01;31m[KaVRecorder_[m[K.period = period;
      |   [01;31m[K^~~~~~~~~~~[m[K
[01m[K/home/ws/src/allan_variance_ros2/src/AllanVarianceComputor.cpp:329:27:[m[K [01;31m[Kerror: [m[Kâ€˜[01m[Kav_output_[m[Kâ€™ was not declared in this scope
  329 |   aVRecorder_.writeOnFile([01;31m[Kav_output_[m[K);
      |                           [01;31m[K^~~~~~~~~~[m[K
[01m[K/home/ws/src/allan_variance_ros2/src/AllanVarianceComputor.cpp:[m[K At global scope:
[01m[K/home/ws/src/allan_variance_ros2/src/AllanVarianceComputor.cpp:332:1:[m[K [01;31m[Kerror: [m[Kexpected declaration before â€˜[01m[K}[m[Kâ€™ token
  332 | [01;31m[K}[m[K  // namespace allan_variance_ros
      | [01;31m[K^[m[K
gmake[2]: *** [CMakeFiles/allan_variance_ros2.dir/build.make:104: CMakeFiles/allan_variance_ros2.dir/src/AllanVarianceComputor.cpp.o] Error 1
gmake[1]: *** [CMakeFiles/Makefile2:139: CMakeFiles/allan_variance_ros2.dir/all] Error 2
gmake: *** [Makefile:146: all] Error 2
