[0.007s] Invoking command in '/home/ws/build/allan_variance_ros2': CMAKE_PREFIX_PATH=/home/ws/install/allan_variance_msgs:/home/ws/install/allan_variance_ros2:/opt/ros/humble LD_LIBRARY_PATH=/home/ws/install/allan_variance_msgs/lib:/home/ws/install/allan_variance_ros2/lib:/opt/ros/humble/lib/x86_64-linux-gnu:/opt/ros/humble/lib /usr/bin/cmake --build /home/ws/build/allan_variance_ros2 -- -j12 -l12
[0.042s] [35m[1mConsolidate compiler generated dependencies of target allan_variance_ros2[0m
[0.060s] [ 16%] [32mBuilding CXX object CMakeFiles/allan_variance_ros2.dir/src/AllanVarianceComputor.cpp.o[0m
[2.720s] [01m[K/home/ws/src/allan_variance_ros2/src/AllanVarianceComputor.cpp:[m[K In constructor â€˜[01m[Kallan_variance_ros::AllanVarianceComputor::AllanVarianceComputor(rclcpp::Node*, std::string, std::string)[m[Kâ€™:
[2.721s] [01m[K/home/ws/src/allan_variance_ros2/src/AllanVarianceComputor.cpp:6:60:[m[K [01;35m[Kwarning: [m[Kunused parameter â€˜[01m[Knh[m[Kâ€™ [[01;35m[K]8;;https://gcc.gnu.org/onlinedocs/gcc/Warning-Options.html#index-Wunused-parameter-Wunused-parameter]8;;[m[K]
[2.721s]     6 | AllanVarianceComputor::AllanVarianceComputor([01;35m[Krclcpp::Node* nh[m[K, std::string config_file, std::string output_path)
[2.721s]       |                                              [01;35m[K~~~~~~~~~~~~~~^~[m[K
[2.723s] [01m[K/home/ws/src/allan_variance_ros2/src/AllanVarianceComputor.cpp:[m[K In member function â€˜[01m[Kvoid allan_variance_ros::AllanVarianceComputor::run(std::string)[m[Kâ€™:
[2.723s] [01m[K/home/ws/src/allan_variance_ros2/src/AllanVarianceComputor.cpp:60:21:[m[K [01;35m[Kwarning: [m[Kloop variable â€˜[01m[Kavailable_topic[m[Kâ€™ creates a copy from type â€˜[01m[Kconst rosbag2_storage::TopicMetadata[m[Kâ€™ [[01;35m[K]8;;https://gcc.gnu.org/onlinedocs/gcc/Warning-Options.html#index-Wrange-loop-construct-Wrange-loop-construct]8;;[m[K]
[2.724s]    60 |     for (const auto [01;35m[Kavailable_topic[m[K : available_topics)
[2.724s]       |                     [01;35m[K^~~~~~~~~~~~~~~[m[K
[2.724s] [01m[K/home/ws/src/allan_variance_ros2/src/AllanVarianceComputor.cpp:60:21:[m[K [01;36m[Knote: [m[Kuse reference type to prevent copying
[2.724s]    60 |     for (const auto [01;36m[Kavailable_topic[m[K : available_topics)
[2.724s]       |                     [01;36m[K^~~~~~~~~~~~~~~[m[K
[2.724s]       |                     [32m[K&[m[K
[2.734s] [01m[K/home/ws/src/allan_variance_ros2/src/AllanVarianceComputor.cpp:105:38:[m[K [01;31m[Kerror: [m[Kâ€˜[01m[Kimu_msg[m[Kâ€™ was not declared in this scope
[2.734s]   105 |       input.I_a_WI = Eigen::Vector3d([01;31m[Kimu_msg[m[K->linear_acceleration.x, imu_msg->linear_acceleration.y,
[2.734s]       |                                      [01;31m[K^~~~~~~[m[K
[2.734s] [01m[K/home/ws/src/allan_variance_ros2/src/AllanVarianceComputor.cpp:34:7:[m[K [01;35m[Kwarning: [m[Kunused variable â€˜[01m[Kimu_counter[m[Kâ€™ [[01;35m[K]8;;https://gcc.gnu.org/onlinedocs/gcc/Warning-Options.html#index-Wunused-variable-Wunused-variable]8;;[m[K]
[2.734s]    34 |   int [01;35m[Kimu_counter[m[K = 0;
[2.734s]       |       [01;35m[K^~~~~~~~~~~[m[K
[2.735s] [01m[K/home/ws/src/allan_variance_ros2/src/AllanVarianceComputor.cpp:[m[K At global scope:
[2.735s] [01m[K/home/ws/src/allan_variance_ros2/src/AllanVarianceComputor.cpp:211:6:[m[K [01;31m[Kerror: [m[Kâ€˜[01m[KAllanVarianceComputor[m[Kâ€™ has not been declared
[2.735s]   211 | void [01;31m[KAllanVarianceComputor[m[K::closeOutputs() {
[2.735s]       |      [01;31m[K^~~~~~~~~~~~~~~~~~~~~[m[K
[2.739s] [01m[K/home/ws/src/allan_variance_ros2/src/AllanVarianceComputor.cpp:[m[K In function â€˜[01m[Kvoid closeOutputs()[m[Kâ€™:
[2.739s] [01m[K/home/ws/src/allan_variance_ros2/src/AllanVarianceComputor.cpp:212:3:[m[K [01;31m[Kerror: [m[Kâ€˜[01m[Kav_output_[m[Kâ€™ was not declared in this scope
[2.739s]   212 |   [01;31m[Kav_output_[m[K.close();
[2.739s]       |   [01;31m[K^~~~~~~~~~[m[K
[2.740s] [01m[K/home/ws/src/allan_variance_ros2/src/AllanVarianceComputor.cpp:[m[K At global scope:
[2.740s] [01m[K/home/ws/src/allan_variance_ros2/src/AllanVarianceComputor.cpp:215:6:[m[K [01;31m[Kerror: [m[Kâ€˜[01m[KAllanVarianceComputor[m[Kâ€™ has not been declared
[2.740s]   215 | void [01;31m[KAllanVarianceComputor[m[K::allanVariance() {
[2.740s]       |      [01;31m[K^~~~~~~~~~~~~~~~~~~~~[m[K
[2.753s] [01m[K/home/ws/src/allan_variance_ros2/src/AllanVarianceComputor.cpp:[m[K In function â€˜[01m[Kvoid allanVariance()[m[Kâ€™:
[2.753s] [01m[K/home/ws/src/allan_variance_ros2/src/AllanVarianceComputor.cpp:237:38:[m[K [01;31m[Kerror: [m[Kâ€˜[01m[Kmeasure_rate_[m[Kâ€™ was not declared in this scope
[2.753s]   237 |     int max_bin_size = period_time * [01;31m[Kmeasure_rate_[m[K;
[2.753s]       |                                      [01;31m[K^~~~~~~~~~~~~[m[K
[2.755s] [01m[K/home/ws/src/allan_variance_ros2/src/AllanVarianceComputor.cpp:238:40:[m[K [01;31m[Kerror: [m[Kâ€˜[01m[Koverlap_[m[Kâ€™ was not declared in this scope; did you mean â€˜[01m[Koverlap[m[Kâ€™?
[2.755s]   238 |     int overlap = floor(max_bin_size * [01;31m[Koverlap_[m[K);
[2.755s]       |                                        [01;31m[K^~~~~~~~[m[K
[2.755s]       |                                        [32m[Koverlap[m[K
[2.759s] [01m[K/home/ws/src/allan_variance_ros2/src/AllanVarianceComputor.cpp:243:31:[m[K [01;31m[Kerror: [m[Kâ€˜[01m[KimuBuffer_[m[Kâ€™ was not declared in this scope
[2.759s]   243 |     for (int j = 0; j < ((int)[01;31m[KimuBuffer_[m[K.size() - max_bin_size); j += (max_bin_size - overlap)) {
[2.759s]       |                               [01;31m[K^~~~~~~~~~[m[K
[2.771s] In file included from [01m[K/opt/ros/humble/include/rclcpp/rclcpp/client.hpp:40[m[K,
[2.771s]                  from [01m[K/opt/ros/humble/include/rclcpp/rclcpp/callback_group.hpp:24[m[K,
[2.771s]                  from [01m[K/opt/ros/humble/include/rclcpp/rclcpp/any_executable.hpp:20[m[K,
[2.771s]                  from [01m[K/opt/ros/humble/include/rclcpp/rclcpp/memory_strategy.hpp:25[m[K,
[2.771s]                  from [01m[K/opt/ros/humble/include/rclcpp/rclcpp/memory_strategies.hpp:18[m[K,
[2.771s]                  from [01m[K/opt/ros/humble/include/rclcpp/rclcpp/executor_options.hpp:20[m[K,
[2.771s]                  from [01m[K/opt/ros/humble/include/rclcpp/rclcpp/executor.hpp:37[m[K,
[2.772s]                  from [01m[K/opt/ros/humble/include/rclcpp/rclcpp/executors/multi_threaded_executor.hpp:25[m[K,
[2.772s]                  from [01m[K/opt/ros/humble/include/rclcpp/rclcpp/executors.hpp:21[m[K,
[2.772s]                  from [01m[K/opt/ros/humble/include/rclcpp/rclcpp/rclcpp.hpp:155[m[K,
[2.772s]                  from [01m[K/home/ws/src/allan_variance_ros2/include/allan_variance_ros2/AllanVarianceComputor.hpp:4[m[K,
[2.772s]                  from [01m[K/home/ws/src/allan_variance_ros2/src/AllanVarianceComputor.cpp:2[m[K:
[2.772s] [01m[K/home/ws/src/allan_variance_ros2/src/AllanVarianceComputor.cpp:292:36:[m[K [01;31m[Kerror: [m[Kâ€˜[01m[KimuBuffer_[m[Kâ€™ was not declared in this scope
[2.772s]   292 |                                 << [01;31m[KimuBuffer_[m[K.size() << " measurements.");
[2.772s]       |                                    [01;31m[K^~~~~~~~~~[m[K
[2.780s] [01m[K/home/ws/src/allan_variance_ros2/src/AllanVarianceComputor.cpp:312:5:[m[K [01;31m[Kerror: [m[Kâ€˜[01m[KwriteAllanDeviation[m[Kâ€™ was not declared in this scope; did you mean â€˜[01m[Kallan_deviation[m[Kâ€™?
[2.780s]   312 |     [01;31m[KwriteAllanDeviation[m[K(allan_deviation, period_time);
[2.780s]       |     [01;31m[K^~~~~~~~~~~~~~~~~~~[m[K
[2.780s]       |     [32m[Kallan_deviation[m[K
[2.780s] [01m[K/home/ws/src/allan_variance_ros2/src/AllanVarianceComputor.cpp:[m[K At global scope:
[2.780s] [01m[K/home/ws/src/allan_variance_ros2/src/AllanVarianceComputor.cpp:321:6:[m[K [01;31m[Kerror: [m[Kâ€˜[01m[KAllanVarianceComputor[m[Kâ€™ has not been declared
[2.780s]   321 | void [01;31m[KAllanVarianceComputor[m[K::writeAllanDeviation(std::vector<double> variance, double period) {
[2.780s]       |      [01;31m[K^~~~~~~~~~~~~~~~~~~~~[m[K
[2.785s] [01m[K/home/ws/src/allan_variance_ros2/src/AllanVarianceComputor.cpp:[m[K In function â€˜[01m[Kvoid writeAllanDeviation(std::vector<double, std::allocator<double> >, double)[m[Kâ€™:
[2.785s] [01m[K/home/ws/src/allan_variance_ros2/src/AllanVarianceComputor.cpp:322:3:[m[K [01;31m[Kerror: [m[Kâ€˜[01m[KaVRecorder_[m[Kâ€™ was not declared in this scope
[2.785s]   322 |   [01;31m[KaVRecorder_[m[K.period = period;
[2.785s]       |   [01;31m[K^~~~~~~~~~~[m[K
[2.789s] [01m[K/home/ws/src/allan_variance_ros2/src/AllanVarianceComputor.cpp:329:27:[m[K [01;31m[Kerror: [m[Kâ€˜[01m[Kav_output_[m[Kâ€™ was not declared in this scope
[2.789s]   329 |   aVRecorder_.writeOnFile([01;31m[Kav_output_[m[K);
[2.789s]       |                           [01;31m[K^~~~~~~~~~[m[K
[2.789s] [01m[K/home/ws/src/allan_variance_ros2/src/AllanVarianceComputor.cpp:[m[K At global scope:
[2.789s] [01m[K/home/ws/src/allan_variance_ros2/src/AllanVarianceComputor.cpp:332:1:[m[K [01;31m[Kerror: [m[Kexpected declaration before â€˜[01m[K}[m[Kâ€™ token
[2.789s]   332 | [01;31m[K}[m[K  // namespace allan_variance_ros
[2.789s]       | [01;31m[K^[m[K
[3.344s] gmake[2]: *** [CMakeFiles/allan_variance_ros2.dir/build.make:104: CMakeFiles/allan_variance_ros2.dir/src/AllanVarianceComputor.cpp.o] Error 1
[3.345s] gmake[1]: *** [CMakeFiles/Makefile2:139: CMakeFiles/allan_variance_ros2.dir/all] Error 2
[3.345s] gmake: *** [Makefile:146: all] Error 2
[3.346s] Invoked command in '/home/ws/build/allan_variance_ros2' returned '2': CMAKE_PREFIX_PATH=/home/ws/install/allan_variance_msgs:/home/ws/install/allan_variance_ros2:/opt/ros/humble LD_LIBRARY_PATH=/home/ws/install/allan_variance_msgs/lib:/home/ws/install/allan_variance_ros2/lib:/opt/ros/humble/lib/x86_64-linux-gnu:/opt/ros/humble/lib /usr/bin/cmake --build /home/ws/build/allan_variance_ros2 -- -j12 -l12
