[0.007s] Invoking command in '/home/ws/build/allan_variance_ros2': CMAKE_PREFIX_PATH=${CMAKE_PREFIX_PATH}:/opt/ros/humble LD_LIBRARY_PATH=/home/ws/install/allan_variance_msgs/lib:/home/ws/install/allan_variance_ros2/lib:/opt/ros/humble/lib/x86_64-linux-gnu:/opt/ros/humble/lib /usr/bin/cmake /home/ws/src/allan_variance_ros2 -DAMENT_CMAKE_SYMLINK_INSTALL=1 -DCMAKE_INSTALL_PREFIX=/home/ws/install/allan_variance_ros2
[0.048s] -- The C compiler identification is GNU 11.4.0
[0.091s] -- The CXX compiler identification is GNU 11.4.0
[0.097s] -- Detecting C compiler ABI info
[0.146s] -- Detecting C compiler ABI info - done
[0.153s] -- Check for working C compiler: /usr/bin/cc - skipped
[0.153s] -- Detecting C compile features
[0.153s] -- Detecting C compile features - done
[0.156s] -- Detecting CXX compiler ABI info
[0.217s] -- Detecting CXX compiler ABI info - done
[0.224s] -- Check for working CXX compiler: /usr/bin/c++ - skipped
[0.224s] -- Detecting CXX compile features
[0.225s] -- Detecting CXX compile features - done
[0.227s] -- Found ament_cmake: 1.3.5 (/opt/ros/humble/share/ament_cmake/cmake)
[0.376s] -- Found Python3: /usr/bin/python3.10 (found version "3.10.12") found components: Interpreter 
[0.429s] -- Override CMake install command with custom implementation using symlinks instead of copying resources
[0.451s] -- Found rclcpp: 16.0.5 (/opt/ros/humble/share/rclcpp/cmake)
[0.484s] -- Found rosidl_generator_c: 3.1.5 (/opt/ros/humble/share/rosidl_generator_c/cmake)
[0.488s] -- Found rosidl_adapter: 3.1.5 (/opt/ros/humble/share/rosidl_adapter/cmake)
[0.495s] -- Found rosidl_generator_cpp: 3.1.5 (/opt/ros/humble/share/rosidl_generator_cpp/cmake)
[0.508s] -- Using all available rosidl_typesupport_c: rosidl_typesupport_fastrtps_c;rosidl_typesupport_introspection_c
[0.525s] -- Using all available rosidl_typesupport_cpp: rosidl_typesupport_fastrtps_cpp;rosidl_typesupport_introspection_cpp
[0.588s] -- Found rmw_implementation_cmake: 6.1.1 (/opt/ros/humble/share/rmw_implementation_cmake/cmake)
[0.591s] -- Found rmw_fastrtps_cpp: 6.2.3 (/opt/ros/humble/share/rmw_fastrtps_cpp/cmake)
[0.665s] -- Found OpenSSL: /usr/lib/x86_64-linux-gnu/libcrypto.so (found version "3.0.2")  
[0.680s] -- Found FastRTPS: /opt/ros/humble/include  
[0.711s] -- Using RMW implementation 'rmw_fastrtps_cpp' as default
[0.719s] -- Looking for pthread.h
[0.781s] -- Looking for pthread.h - found
[0.781s] -- Performing Test CMAKE_HAVE_LIBC_PTHREAD
[0.837s] -- Performing Test CMAKE_HAVE_LIBC_PTHREAD - Success
[0.838s] -- Found Threads: TRUE  
[1.018s] -- Found rosbag2_cpp: 0.15.7 (/opt/ros/humble/share/rosbag2_cpp/cmake)
[1.078s] -- Found Boost: /usr/lib/x86_64-linux-gnu/cmake/Boost-1.74.0/BoostConfig.cmake (found version "1.74.0") found components: filesystem 
[1.081s] -- Found geometry_msgs: 4.2.3 (/opt/ros/humble/share/geometry_msgs/cmake)
[1.141s] -- Found tf2: 0.25.3 (/opt/ros/humble/share/tf2/cmake)
[1.152s] -- Found allan_variance_msgs: 0.0.0 (/home/ws/install/allan_variance_msgs/share/allan_variance_msgs/cmake)
[1.412s] -- Found OpenMP_C: -fopenmp (found version "4.5") 
[1.485s] -- Found OpenMP_CXX: -fopenmp (found version "4.5") 
[1.485s] -- Found OpenMP: TRUE (found version "4.5")  
[1.485s] -- OpenMP found will try to link!
[1.543s] -- Configuring done
[1.555s] -- Generating done
[1.556s] -- Build files have been written to: /home/ws/build/allan_variance_ros2
[1.562s] Invoked command in '/home/ws/build/allan_variance_ros2' returned '0': CMAKE_PREFIX_PATH=${CMAKE_PREFIX_PATH}:/opt/ros/humble LD_LIBRARY_PATH=/home/ws/install/allan_variance_msgs/lib:/home/ws/install/allan_variance_ros2/lib:/opt/ros/humble/lib/x86_64-linux-gnu:/opt/ros/humble/lib /usr/bin/cmake /home/ws/src/allan_variance_ros2 -DAMENT_CMAKE_SYMLINK_INSTALL=1 -DCMAKE_INSTALL_PREFIX=/home/ws/install/allan_variance_ros2
[1.563s] Invoking command in '/home/ws/build/allan_variance_ros2': CMAKE_PREFIX_PATH=${CMAKE_PREFIX_PATH}:/opt/ros/humble LD_LIBRARY_PATH=/home/ws/install/allan_variance_msgs/lib:/home/ws/install/allan_variance_ros2/lib:/opt/ros/humble/lib/x86_64-linux-gnu:/opt/ros/humble/lib /usr/bin/cmake --build /home/ws/build/allan_variance_ros2 -- -j12 -l12
[1.599s] [ 33%] [32mBuilding CXX object CMakeFiles/allan_variance_ros2.dir/src/yaml_parsers.cpp.o[0m
[1.599s] [ 33%] [32mBuilding CXX object CMakeFiles/allan_variance_ros2.dir/src/ImuMeasurement.cpp.o[0m
[1.599s] [ 50%] [32mBuilding CXX object CMakeFiles/allan_variance_ros2.dir/src/AllanVarianceComputor.cpp.o[0m
[2.353s] [01m[K/home/ws/src/allan_variance_ros2/src/ImuMeasurement.cpp:[m[K In constructor â€˜[01m[KImuMeasurement::ImuMeasurement(uint64_t, const Vector3d&, const Vector3d&)[m[Kâ€™:
[2.353s] [01m[K/home/ws/src/allan_variance_ros2/src/ImuMeasurement.cpp:12:55:[m[K [01;35m[Kwarning: [m[Kunused parameter â€˜[01m[K_I_a_WI[m[Kâ€™ [[01;35m[K]8;;https://gcc.gnu.org/onlinedocs/gcc/Warning-Options.html#index-Wunused-parameter-Wunused-parameter]8;;[m[K]
[2.353s]    12 |                                [01;35m[Kconst Eigen::Vector3d& _I_a_WI[m[K,
[2.353s]       |                                [01;35m[K~~~~~~~~~~~~~~~~~~~~~~~^~~~~~~[m[K
[2.354s] [01m[K/home/ws/src/allan_variance_ros2/src/ImuMeasurement.cpp:13:55:[m[K [01;35m[Kwarning: [m[Kunused parameter â€˜[01m[K_I_w_WI[m[Kâ€™ [[01;35m[K]8;;https://gcc.gnu.org/onlinedocs/gcc/Warning-Options.html#index-Wunused-parameter-Wunused-parameter]8;;[m[K]
[2.354s]    13 |                                [01;35m[Kconst Eigen::Vector3d& _I_w_WI[m[K){
[2.354s]       |                                [01;35m[K~~~~~~~~~~~~~~~~~~~~~~~^~~~~~~[m[K
[4.272s] [01m[K/home/ws/src/allan_variance_ros2/src/AllanVarianceComputor.cpp:[m[K In constructor â€˜[01m[Kallan_variance_ros::AllanVarianceComputor::AllanVarianceComputor(rclcpp::Node*, std::string, std::string)[m[Kâ€™:
[4.272s] [01m[K/home/ws/src/allan_variance_ros2/src/AllanVarianceComputor.cpp:6:60:[m[K [01;35m[Kwarning: [m[Kunused parameter â€˜[01m[Knh[m[Kâ€™ [[01;35m[K]8;;https://gcc.gnu.org/onlinedocs/gcc/Warning-Options.html#index-Wunused-parameter-Wunused-parameter]8;;[m[K]
[4.272s]     6 | AllanVarianceComputor::AllanVarianceComputor([01;35m[Krclcpp::Node* nh[m[K, std::string config_file, std::string output_path)
[4.272s]       |                                              [01;35m[K~~~~~~~~~~~~~~^~[m[K
[4.275s] [01m[K/home/ws/src/allan_variance_ros2/src/AllanVarianceComputor.cpp:[m[K In member function â€˜[01m[Kvoid allan_variance_ros::AllanVarianceComputor::run(std::string)[m[Kâ€™:
[4.275s] [01m[K/home/ws/src/allan_variance_ros2/src/AllanVarianceComputor.cpp:60:21:[m[K [01;35m[Kwarning: [m[Kloop variable â€˜[01m[Kavailable_topic[m[Kâ€™ creates a copy from type â€˜[01m[Kconst rosbag2_storage::TopicMetadata[m[Kâ€™ [[01;35m[K]8;;https://gcc.gnu.org/onlinedocs/gcc/Warning-Options.html#index-Wrange-loop-construct-Wrange-loop-construct]8;;[m[K]
[4.275s]    60 |     for (const auto [01;35m[Kavailable_topic[m[K : available_topics)
[4.275s]       |                     [01;35m[K^~~~~~~~~~~~~~~[m[K
[4.276s] [01m[K/home/ws/src/allan_variance_ros2/src/AllanVarianceComputor.cpp:60:21:[m[K [01;36m[Knote: [m[Kuse reference type to prevent copying
[4.276s]    60 |     for (const auto [01;36m[Kavailable_topic[m[K : available_topics)
[4.276s]       |                     [01;36m[K^~~~~~~~~~~~~~~[m[K
[4.276s]       |                     [32m[K&[m[K
[4.277s] [01m[K/home/ws/src/allan_variance_ros2/src/AllanVarianceComputor.cpp:70:42:[m[K [01;31m[Kerror: [m[Kâ€˜[01m[Kimu9_do_f[m[Kâ€™ is not a member of â€˜[01m[Kallan_variance_msgs[m[Kâ€™
[4.277s]    70 |     std::shared_ptr<allan_variance_msgs::[01;31m[Kimu9_do_f[m[K> msg;
[4.277s]       |                                          [01;31m[K^~~~~~~~~[m[K
[4.277s] [01m[K/home/ws/src/allan_variance_ros2/src/AllanVarianceComputor.cpp:70:51:[m[K [01;31m[Kerror: [m[Ktemplate argument 1 is invalid
[4.277s]    70 |     std::shared_ptr<allan_variance_msgs::imu9_do_f[01;31m[K>[m[K msg;
[4.277s]       |                                                   [01;31m[K^[m[K
[4.277s] [01m[K/home/ws/src/allan_variance_ros2/src/AllanVarianceComputor.cpp:73:26:[m[K [01;31m[Kerror: [m[Kcannot convert â€˜[01m[Kstd::shared_ptr<rosbag2_storage::SerializedBagMessage>[m[Kâ€™ to â€˜[01m[Kint[m[Kâ€™ in assignment
[4.277s]    73 |       msg = [01;31m[Kbag.read_next()[m[K;
[4.277s]       |             [01;31m[K~~~~~~~~~~~~~^~[m[K
[4.278s]       |                          [01;31m[K|[m[K
[4.278s]       |                          [01;31m[Kstd::shared_ptr<rosbag2_storage::SerializedBagMessage>[m[K
[4.278s] [01m[K/home/ws/src/allan_variance_ros2/src/AllanVarianceComputor.cpp:75:23:[m[K [01;31m[Kerror: [m[Kbase operand of â€˜[01m[K->[m[Kâ€™ is not a pointer
[4.278s]    75 |       std::cerr << msg[01;31m[K->[m[Ktime_stamp << std::endl;
[4.278s]       |                       [01;31m[K^~[m[K
[4.278s] [01m[K/home/ws/src/allan_variance_ros2/src/AllanVarianceComputor.cpp:76:23:[m[K [01;31m[Kerror: [m[Kbase operand of â€˜[01m[K->[m[Kâ€™ is not a pointer
[4.278s]    76 |       std::cerr << msg[01;31m[K->[m[Ktopic_name << std::endl;
[4.278s]       |                       [01;31m[K^~[m[K
[4.278s] [01m[K/home/ws/src/allan_variance_ros2/src/AllanVarianceComputor.cpp:34:7:[m[K [01;35m[Kwarning: [m[Kunused variable â€˜[01m[Kimu_counter[m[Kâ€™ [[01;35m[K]8;;https://gcc.gnu.org/onlinedocs/gcc/Warning-Options.html#index-Wunused-variable-Wunused-variable]8;;[m[K]
[4.278s]    34 |   int [01;35m[Kimu_counter[m[K = 0;
[4.278s]       |       [01;35m[K^~~~~~~~~~~[m[K
[4.838s] gmake[2]: *** [CMakeFiles/allan_variance_ros2.dir/build.make:104: CMakeFiles/allan_variance_ros2.dir/src/AllanVarianceComputor.cpp.o] Error 1
[4.838s] gmake[1]: *** [CMakeFiles/Makefile2:139: CMakeFiles/allan_variance_ros2.dir/all] Error 2
[4.838s] gmake: *** [Makefile:146: all] Error 2
[4.839s] Invoked command in '/home/ws/build/allan_variance_ros2' returned '2': CMAKE_PREFIX_PATH=${CMAKE_PREFIX_PATH}:/opt/ros/humble LD_LIBRARY_PATH=/home/ws/install/allan_variance_msgs/lib:/home/ws/install/allan_variance_ros2/lib:/opt/ros/humble/lib/x86_64-linux-gnu:/opt/ros/humble/lib /usr/bin/cmake --build /home/ws/build/allan_variance_ros2 -- -j12 -l12
