[0.008s] Invoking command in '/home/ws/build/allan_variance_ros2': CMAKE_PREFIX_PATH=${CMAKE_PREFIX_PATH}:/opt/ros/humble LD_LIBRARY_PATH=/home/ws/install/allan_variance_msgs/lib:/home/ws/install/allan_variance_ros2/lib:/opt/ros/humble/lib/x86_64-linux-gnu:/opt/ros/humble/lib /usr/bin/cmake --build /home/ws/build/allan_variance_ros2 -- -j12 -l12
[0.044s] [35m[1mConsolidate compiler generated dependencies of target allan_variance_ros2[0m
[0.061s] [ 16%] [32mBuilding CXX object CMakeFiles/allan_variance_ros2.dir/src/AllanVarianceComputor.cpp.o[0m
[2.674s] [01m[K/home/ws/src/allan_variance_ros2/src/AllanVarianceComputor.cpp:[m[K In constructor â€˜[01m[Kallan_variance_ros::AllanVarianceComputor::AllanVarianceComputor(rclcpp::Node*, std::string, std::string)[m[Kâ€™:
[2.674s] [01m[K/home/ws/src/allan_variance_ros2/src/AllanVarianceComputor.cpp:6:60:[m[K [01;35m[Kwarning: [m[Kunused parameter â€˜[01m[Knh[m[Kâ€™ [[01;35m[K]8;;https://gcc.gnu.org/onlinedocs/gcc/Warning-Options.html#index-Wunused-parameter-Wunused-parameter]8;;[m[K]
[2.674s]     6 | AllanVarianceComputor::AllanVarianceComputor([01;35m[Krclcpp::Node* nh[m[K, std::string config_file, std::string output_path)
[2.674s]       |                                              [01;35m[K~~~~~~~~~~~~~~^~[m[K
[2.678s] [01m[K/home/ws/src/allan_variance_ros2/src/AllanVarianceComputor.cpp:[m[K In member function â€˜[01m[Kvoid allan_variance_ros::AllanVarianceComputor::run(std::string)[m[Kâ€™:
[2.678s] [01m[K/home/ws/src/allan_variance_ros2/src/AllanVarianceComputor.cpp:60:21:[m[K [01;35m[Kwarning: [m[Kloop variable â€˜[01m[Kavailable_topic[m[Kâ€™ creates a copy from type â€˜[01m[Kconst rosbag2_storage::TopicMetadata[m[Kâ€™ [[01;35m[K]8;;https://gcc.gnu.org/onlinedocs/gcc/Warning-Options.html#index-Wrange-loop-construct-Wrange-loop-construct]8;;[m[K]
[2.678s]    60 |     for (const auto [01;35m[Kavailable_topic[m[K : available_topics)
[2.678s]       |                     [01;35m[K^~~~~~~~~~~~~~~[m[K
[2.678s] [01m[K/home/ws/src/allan_variance_ros2/src/AllanVarianceComputor.cpp:60:21:[m[K [01;36m[Knote: [m[Kuse reference type to prevent copying
[2.678s]    60 |     for (const auto [01;36m[Kavailable_topic[m[K : available_topics)
[2.679s]       |                     [01;36m[K^~~~~~~~~~~~~~~[m[K
[2.679s]       |                     [32m[K&[m[K
[2.683s] [01m[K/home/ws/src/allan_variance_ros2/src/AllanVarianceComputor.cpp:73:27:[m[K [01;31m[Kerror: [m[Kno match for â€˜[01m[Koperator=[m[Kâ€™ (operand types are â€˜[01m[Kstd::shared_ptr<allan_variance_msgs::msg::Imu9DoF_<std::allocator<void> > >[m[Kâ€™ and â€˜[01m[Kstd::shared_ptr<rosbag2_storage::SerializedBagMessage>[m[Kâ€™)
[2.683s]    73 |       msg = bag.read_next([01;31m[K)[m[K;
[2.683s]       |                           [01;31m[K^[m[K
[2.683s] In file included from [01m[K/usr/include/c++/11/memory:77[m[K,
[2.683s]                  from [01m[K/opt/ros/humble/include/rclcpp/rclcpp/rclcpp.hpp:153[m[K,
[2.684s]                  from [01m[K/home/ws/src/allan_variance_ros2/include/allan_variance_ros2/AllanVarianceComputor.hpp:4[m[K,
[2.684s]                  from [01m[K/home/ws/src/allan_variance_ros2/src/AllanVarianceComputor.cpp:2[m[K:
[2.684s] [01m[K/usr/include/c++/11/bits/shared_ptr.h:363:9:[m[K [01;36m[Knote: [m[Kcandidate: â€˜[01m[Ktemplate<class _Yp> std::shared_ptr<_Tp>::_Assignable<const std::shared_ptr<_Yp>&> std::shared_ptr<_Tp>::operator=(const std::shared_ptr<_Yp>&) [with _Yp = _Yp; _Tp = allan_variance_msgs::msg::Imu9DoF_<std::allocator<void> >][m[Kâ€™
[2.684s]   363 |         [01;36m[Koperator[m[K=(const shared_ptr<_Yp>& __r) noexcept
[2.684s]       |         [01;36m[K^~~~~~~~[m[K
[2.684s] [01m[K/usr/include/c++/11/bits/shared_ptr.h:363:9:[m[K [01;36m[Knote: [m[K  template argument deduction/substitution failed:
[2.684s] /usr/include/c++/11/bits/shared_ptr.h: In substitution of â€˜[01m[Ktemplate<class _Tp> template<class _Arg> using _Assignable = typename std::enable_if<std::is_assignable<std::__shared_ptr<_Tp>&, _Arg>::value, std::shared_ptr<_Tp>&>::type [with _Arg = const std::shared_ptr<rosbag2_storage::SerializedBagMessage>&; _Tp = allan_variance_msgs::msg::Imu9DoF_<std::allocator<void> >][m[Kâ€™:
[2.684s] [01m[K/usr/include/c++/11/bits/shared_ptr.h:363:2:[m[K   required by substitution of â€˜[01m[Ktemplate<class _Yp> std::shared_ptr<allan_variance_msgs::msg::Imu9DoF_<std::allocator<void> > >::_Assignable<const std::shared_ptr<_Tp>&> std::shared_ptr<allan_variance_msgs::msg::Imu9DoF_<std::allocator<void> > >::operator=<_Yp>(const std::shared_ptr<_Tp>&) [with _Yp = rosbag2_storage::SerializedBagMessage][m[Kâ€™
[2.684s] [01m[K/home/ws/src/allan_variance_ros2/src/AllanVarianceComputor.cpp:73:27:[m[K   required from here
[2.684s] [01m[K/usr/include/c++/11/bits/shared_ptr.h:130:15:[m[K [01;31m[Kerror: [m[Kno type named â€˜[01m[Ktype[m[Kâ€™ in â€˜[01m[Kstruct std::enable_if<false, std::shared_ptr<allan_variance_msgs::msg::Imu9DoF_<std::allocator<void> > >&>[m[Kâ€™
[2.684s]   130 |         using [01;31m[K_Assignable[m[K = typename enable_if<
[2.684s]       |               [01;31m[K^~~~~~~~~~~[m[K
[2.684s] [01m[K/usr/include/c++/11/bits/shared_ptr.h:374:9:[m[K [01;36m[Knote: [m[Kcandidate: â€˜[01m[Ktemplate<class _Yp> std::shared_ptr<_Tp>::_Assignable<std::auto_ptr<_Up> > std::shared_ptr<_Tp>::operator=(std::auto_ptr<_Up>&&) [with _Yp = _Yp; _Tp = allan_variance_msgs::msg::Imu9DoF_<std::allocator<void> >][m[Kâ€™
[2.684s]   374 |         [01;36m[Koperator[m[K=(auto_ptr<_Yp>&& __r)
[2.684s]       |         [01;36m[K^~~~~~~~[m[K
[2.684s] [01m[K/usr/include/c++/11/bits/shared_ptr.h:374:9:[m[K [01;36m[Knote: [m[K  template argument deduction/substitution failed:
[2.684s] [01m[K/home/ws/src/allan_variance_ros2/src/AllanVarianceComputor.cpp:73:27:[m[K [01;36m[Knote: [m[K  â€˜[01m[Kstd::shared_ptr<rosbag2_storage::SerializedBagMessage>[m[Kâ€™ is not derived from â€˜[01m[Kstd::auto_ptr<_Up>[m[Kâ€™
[2.684s]    73 |       msg = bag.read_next([01;36m[K)[m[K;
[2.684s]       |                           [01;36m[K^[m[K
[2.685s] In file included from [01m[K/usr/include/c++/11/memory:77[m[K,
[2.685s]                  from [01m[K/opt/ros/humble/include/rclcpp/rclcpp/rclcpp.hpp:153[m[K,
[2.685s]                  from [01m[K/home/ws/src/allan_variance_ros2/include/allan_variance_ros2/AllanVarianceComputor.hpp:4[m[K,
[2.685s]                  from [01m[K/home/ws/src/allan_variance_ros2/src/AllanVarianceComputor.cpp:2[m[K:
[2.685s] [01m[K/usr/include/c++/11/bits/shared_ptr.h:391:9:[m[K [01;36m[Knote: [m[Kcandidate: â€˜[01m[Ktemplate<class _Yp> std::shared_ptr<_Tp>::_Assignable<std::shared_ptr<_Yp> > std::shared_ptr<_Tp>::operator=(std::shared_ptr<_Yp>&&) [with _Yp = _Yp; _Tp = allan_variance_msgs::msg::Imu9DoF_<std::allocator<void> >][m[Kâ€™
[2.685s]   391 |         [01;36m[Koperator[m[K=(shared_ptr<_Yp>&& __r) noexcept
[2.685s]       |         [01;36m[K^~~~~~~~[m[K
[2.685s] [01m[K/usr/include/c++/11/bits/shared_ptr.h:391:9:[m[K [01;36m[Knote: [m[K  template argument deduction/substitution failed:
[2.685s] /usr/include/c++/11/bits/shared_ptr.h: In substitution of â€˜[01m[Ktemplate<class _Tp> template<class _Arg> using _Assignable = typename std::enable_if<std::is_assignable<std::__shared_ptr<_Tp>&, _Arg>::value, std::shared_ptr<_Tp>&>::type [with _Arg = std::shared_ptr<rosbag2_storage::SerializedBagMessage>; _Tp = allan_variance_msgs::msg::Imu9DoF_<std::allocator<void> >][m[Kâ€™:
[2.685s] [01m[K/usr/include/c++/11/bits/shared_ptr.h:391:2:[m[K   required by substitution of â€˜[01m[Ktemplate<class _Yp> std::shared_ptr<allan_variance_msgs::msg::Imu9DoF_<std::allocator<void> > >::_Assignable<std::shared_ptr<_Tp> > std::shared_ptr<allan_variance_msgs::msg::Imu9DoF_<std::allocator<void> > >::operator=<_Yp>(std::shared_ptr<_Tp>&&) [with _Yp = rosbag2_storage::SerializedBagMessage][m[Kâ€™
[2.685s] [01m[K/home/ws/src/allan_variance_ros2/src/AllanVarianceComputor.cpp:73:27:[m[K   required from here
[2.685s] [01m[K/usr/include/c++/11/bits/shared_ptr.h:130:15:[m[K [01;31m[Kerror: [m[Kno type named â€˜[01m[Ktype[m[Kâ€™ in â€˜[01m[Kstruct std::enable_if<false, std::shared_ptr<allan_variance_msgs::msg::Imu9DoF_<std::allocator<void> > >&>[m[Kâ€™
[2.685s]   130 |         using [01;31m[K_Assignable[m[K = typename enable_if<
[2.685s]       |               [01;31m[K^~~~~~~~~~~[m[K
[2.685s] [01m[K/usr/include/c++/11/bits/shared_ptr.h:399:9:[m[K [01;36m[Knote: [m[Kcandidate: â€˜[01m[Ktemplate<class _Yp, class _Del> std::shared_ptr<_Tp>::_Assignable<std::unique_ptr<_Up, _Ep> > std::shared_ptr<_Tp>::operator=(std::unique_ptr<_Up, _Ep>&&) [with _Yp = _Yp; _Del = _Del; _Tp = allan_variance_msgs::msg::Imu9DoF_<std::allocator<void> >][m[Kâ€™
[2.685s]   399 |         [01;36m[Koperator[m[K=(unique_ptr<_Yp, _Del>&& __r)
[2.685s]       |         [01;36m[K^~~~~~~~[m[K
[2.685s] [01m[K/usr/include/c++/11/bits/shared_ptr.h:399:9:[m[K [01;36m[Knote: [m[K  template argument deduction/substitution failed:
[2.685s] [01m[K/home/ws/src/allan_variance_ros2/src/AllanVarianceComputor.cpp:73:27:[m[K [01;36m[Knote: [m[K  â€˜[01m[Kstd::shared_ptr<rosbag2_storage::SerializedBagMessage>[m[Kâ€™ is not derived from â€˜[01m[Kstd::unique_ptr<_Tp, _Dp>[m[Kâ€™
[2.685s]    73 |       msg = bag.read_next([01;36m[K)[m[K;
[2.685s]       |                           [01;36m[K^[m[K
[2.686s] In file included from [01m[K/usr/include/c++/11/memory:77[m[K,
[2.686s]                  from [01m[K/opt/ros/humble/include/rclcpp/rclcpp/rclcpp.hpp:153[m[K,
[2.686s]                  from [01m[K/home/ws/src/allan_variance_ros2/include/allan_variance_ros2/AllanVarianceComputor.hpp:4[m[K,
[2.686s]                  from [01m[K/home/ws/src/allan_variance_ros2/src/AllanVarianceComputor.cpp:2[m[K:
[2.686s] [01m[K/usr/include/c++/11/bits/shared_ptr.h:359:19:[m[K [01;36m[Knote: [m[Kcandidate: â€˜[01m[Kstd::shared_ptr<_Tp>& std::shared_ptr<_Tp>::operator=(const std::shared_ptr<_Tp>&) [with _Tp = allan_variance_msgs::msg::Imu9DoF_<std::allocator<void> >][m[Kâ€™
[2.686s]   359 |       shared_ptr& [01;36m[Koperator[m[K=(const shared_ptr&) noexcept = default;
[2.686s]       |                   [01;36m[K^~~~~~~~[m[K
[2.686s] [01m[K/usr/include/c++/11/bits/shared_ptr.h:359:29:[m[K [01;36m[Knote: [m[K  no known conversion for argument 1 from â€˜[01m[Kstd::shared_ptr<rosbag2_storage::SerializedBagMessage>[m[Kâ€™ to â€˜[01m[Kconst std::shared_ptr<allan_variance_msgs::msg::Imu9DoF_<std::allocator<void> > >&[m[Kâ€™
[2.686s]   359 |       shared_ptr& operator=([01;36m[Kconst shared_ptr&[m[K) noexcept = default;
[2.686s]       |                             [01;36m[K^~~~~~~~~~~~~~~~~[m[K
[2.686s] [01m[K/usr/include/c++/11/bits/shared_ptr.h:383:7:[m[K [01;36m[Knote: [m[Kcandidate: â€˜[01m[Kstd::shared_ptr<_Tp>& std::shared_ptr<_Tp>::operator=(std::shared_ptr<_Tp>&&) [with _Tp = allan_variance_msgs::msg::Imu9DoF_<std::allocator<void> >][m[Kâ€™
[2.686s]   383 |       [01;36m[Koperator[m[K=(shared_ptr&& __r) noexcept
[2.686s]       |       [01;36m[K^~~~~~~~[m[K
[2.686s] [01m[K/usr/include/c++/11/bits/shared_ptr.h:383:30:[m[K [01;36m[Knote: [m[K  no known conversion for argument 1 from â€˜[01m[Kstd::shared_ptr<rosbag2_storage::SerializedBagMessage>[m[Kâ€™ to â€˜[01m[Kstd::shared_ptr<allan_variance_msgs::msg::Imu9DoF_<std::allocator<void> > >&&[m[Kâ€™
[2.686s]   383 |       operator=([01;36m[Kshared_ptr&& __r[m[K) noexcept
[2.686s]       |                 [01;36m[K~~~~~~~~~~~~~^~~[m[K
[2.686s] [01m[K/home/ws/src/allan_variance_ros2/src/AllanVarianceComputor.cpp:75:25:[m[K [01;31m[Kerror: [m[Kâ€˜[01m[Kusing element_type = struct allan_variance_msgs::msg::Imu9DoF_<std::allocator<void> >[m[Kâ€™ {aka â€˜[01m[Kstruct allan_variance_msgs::msg::Imu9DoF_<std::allocator<void> >[m[Kâ€™} has no member named â€˜[01m[Ktime_stamp[m[Kâ€™
[2.686s]    75 |       std::cerr << msg->[01;31m[Ktime_stamp[m[K << std::endl;
[2.686s]       |                         [01;31m[K^~~~~~~~~~[m[K
[2.686s] [01m[K/home/ws/src/allan_variance_ros2/src/AllanVarianceComputor.cpp:76:25:[m[K [01;31m[Kerror: [m[Kâ€˜[01m[Kusing element_type = struct allan_variance_msgs::msg::Imu9DoF_<std::allocator<void> >[m[Kâ€™ {aka â€˜[01m[Kstruct allan_variance_msgs::msg::Imu9DoF_<std::allocator<void> >[m[Kâ€™} has no member named â€˜[01m[Ktopic_name[m[Kâ€™
[2.686s]    76 |       std::cerr << msg->[01;31m[Ktopic_name[m[K << std::endl;
[2.686s]       |                         [01;31m[K^~~~~~~~~~[m[K
[2.687s] [01m[K/home/ws/src/allan_variance_ros2/src/AllanVarianceComputor.cpp:34:7:[m[K [01;35m[Kwarning: [m[Kunused variable â€˜[01m[Kimu_counter[m[Kâ€™ [[01;35m[K]8;;https://gcc.gnu.org/onlinedocs/gcc/Warning-Options.html#index-Wunused-variable-Wunused-variable]8;;[m[K]
[2.687s]    34 |   int [01;35m[Kimu_counter[m[K = 0;
[2.687s]       |       [01;35m[K^~~~~~~~~~~[m[K
[3.216s] gmake[2]: *** [CMakeFiles/allan_variance_ros2.dir/build.make:104: CMakeFiles/allan_variance_ros2.dir/src/AllanVarianceComputor.cpp.o] Error 1
[3.216s] gmake[1]: *** [CMakeFiles/Makefile2:139: CMakeFiles/allan_variance_ros2.dir/all] Error 2
[3.216s] gmake: *** [Makefile:146: all] Error 2
[3.218s] Invoked command in '/home/ws/build/allan_variance_ros2' returned '2': CMAKE_PREFIX_PATH=${CMAKE_PREFIX_PATH}:/opt/ros/humble LD_LIBRARY_PATH=/home/ws/install/allan_variance_msgs/lib:/home/ws/install/allan_variance_ros2/lib:/opt/ros/humble/lib/x86_64-linux-gnu:/opt/ros/humble/lib /usr/bin/cmake --build /home/ws/build/allan_variance_ros2 -- -j12 -l12
