In file included from [01m[K/home/ws/src/allan_variance_ros2/src/AllanVarianceComputor.cpp:2[m[K:
[01m[K/home/ws/src/allan_variance_ros2/include/allan_variance_ros2/AllanVarianceComputor.hpp:9:10:[m[K [01;31m[Kfatal error: [m[Kallan_variance_ros2/msg/Imu9DoF.hpp: No such file or directory
    9 | #include [01;31m[K"allan_variance_ros2/msg/Imu9DoF.hpp"[m[K
      |          [01;31m[K^~~~~~~~~~~~~~~~~~~~~~~~~~~~~~~~~~~~~[m[K
compilation terminated.
gmake[2]: *** [CMakeFiles/allan_variance_ros2.dir/build.make:104: CMakeFiles/allan_variance_ros2.dir/src/AllanVarianceComputor.cpp.o] Error 1
gmake[2]: *** Waiting for unfinished jobs....
[01m[K/home/ws/src/allan_variance_ros2/src/ImuMeasurement.cpp:[m[K In constructor â€˜[01m[KImuMeasurement::ImuMeasurement(uint64_t, const Vector3d&, const Vector3d&)[m[Kâ€™:
[01m[K/home/ws/src/allan_variance_ros2/src/ImuMeasurement.cpp:12:55:[m[K [01;35m[Kwarning: [m[Kunused parameter â€˜[01m[K_I_a_WI[m[Kâ€™ [[01;35m[K]8;;https://gcc.gnu.org/onlinedocs/gcc/Warning-Options.html#index-Wunused-parameter-Wunused-parameter]8;;[m[K]
   12 |                                [01;35m[Kconst Eigen::Vector3d& _I_a_WI[m[K,
      |                                [01;35m[K~~~~~~~~~~~~~~~~~~~~~~~^~~~~~~[m[K
[01m[K/home/ws/src/allan_variance_ros2/src/ImuMeasurement.cpp:13:55:[m[K [01;35m[Kwarning: [m[Kunused parameter â€˜[01m[K_I_w_WI[m[Kâ€™ [[01;35m[K]8;;https://gcc.gnu.org/onlinedocs/gcc/Warning-Options.html#index-Wunused-parameter-Wunused-parameter]8;;[m[K]
   13 |                                [01;35m[Kconst Eigen::Vector3d& _I_w_WI[m[K){
      |                                [01;35m[K~~~~~~~~~~~~~~~~~~~~~~~^~~~~~~[m[K
gmake[1]: *** [CMakeFiles/Makefile2:139: CMakeFiles/allan_variance_ros2.dir/all] Error 2
gmake: *** [Makefile:146: all] Error 2
