[01m[K/home/ws/src/src/AllanVarianceComputor.cpp:2:10:[m[K [01;31m[Kfatal error: [m[Kallan_variance_ros/AllanVarianceComputor.hpp: No such file or directory
    2 | #include [01;31m[K"allan_variance_ros/AllanVarianceComputor.hpp"[m[K
      |          [01;31m[K^~~~~~~~~~~~~~~~~~~~~~~~~~~~~~~~~~~~~~~~~~~~~~[m[K
compilation terminated.
gmake[2]: *** [CMakeFiles/allan_variance_ros2.dir/build.make:104: CMakeFiles/allan_variance_ros2.dir/src/AllanVarianceComputor.cpp.o] Error 1
gmake[1]: *** [CMakeFiles/Makefile2:184: CMakeFiles/allan_variance_ros2.dir/all] Error 2
gmake[1]: *** Waiting for unfinished jobs....
gmake: *** [Makefile:146: all] Error 2
