[35m[1mConsolidate compiler generated dependencies of target allan_variance_ros2[0m
[  2%] Built target allan_variance_ros2_msg__cpp
[ 10%] Built target allan_variance_ros2_msg__rosidl_generator_c
[ 10%] Built target ament_cmake_python_symlink_allan_variance_ros2
[35m[1mConsolidate compiler generated dependencies of target allan_variance_ros2_msg__rosidl_typesupport_fastrtps_c[0m
[35m[1mConsolidate compiler generated dependencies of target allan_variance_ros2_msg__rosidl_typesupport_c[0m
[35m[1mConsolidate compiler generated dependencies of target allan_variance_ros2_msg__rosidl_typesupport_introspection_c[0m
[ 13%] [32mBuilding CXX object CMakeFiles/allan_variance_ros2.dir/src/AllanVarianceComputor.cpp.o[0m
[ 24%] Built target allan_variance_ros2_msg__rosidl_typesupport_introspection_cpp
[ 29%] Built target allan_variance_ros2_msg__rosidl_typesupport_cpp
[ 37%] Built target allan_variance_ros2_msg__rosidl_typesupport_c
[ 45%] Built target allan_variance_ros2_msg__rosidl_typesupport_fastrtps_cpp
[ 54%] Built target allan_variance_ros2_msg__rosidl_typesupport_introspection_c
[ 62%] Built target allan_variance_ros2_msg__rosidl_typesupport_fastrtps_c
[01m[K/home/ws/src/src/AllanVarianceComputor.cpp:2:10:[m[K [01;31m[Kfatal error: [m[Kallan_variance_ros/AllanVarianceComputor.hpp: No such file or directory
    2 | #include [01;31m[K"allan_variance_ros/AllanVarianceComputor.hpp"[m[K
      |          [01;31m[K^~~~~~~~~~~~~~~~~~~~~~~~~~~~~~~~~~~~~~~~~~~~~~[m[K
compilation terminated.
gmake[2]: *** [CMakeFiles/allan_variance_ros2.dir/build.make:104: CMakeFiles/allan_variance_ros2.dir/src/AllanVarianceComputor.cpp.o] Error 1
gmake[1]: *** [CMakeFiles/Makefile2:184: CMakeFiles/allan_variance_ros2.dir/all] Error 2
gmake[1]: *** Waiting for unfinished jobs....
[ 62%] Built target allan_variance_ros2_msg
running egg_info
writing allan_variance_ros2.egg-info/PKG-INFO
writing dependency_links to allan_variance_ros2.egg-info/dependency_links.txt
writing top-level names to allan_variance_ros2.egg-info/top_level.txt
reading manifest file 'allan_variance_ros2.egg-info/SOURCES.txt'
writing manifest file 'allan_variance_ros2.egg-info/SOURCES.txt'
[ 62%] Built target ament_cmake_python_build_allan_variance_ros2_egg
gmake: *** [Makefile:146: all] Error 2
