[0.011s] Invoking command in '/home/ws/build/allan_variance_ros2': CMAKE_PREFIX_PATH=${CMAKE_PREFIX_PATH}:/opt/ros/humble /usr/bin/cmake --build /home/ws/build/allan_variance_ros2 -- -j12 -l12
[0.043s] [35m[1mConsolidate compiler generated dependencies of target allan_variance_ros2[0m
[0.050s] [  2%] Built target allan_variance_ros2_msg__cpp
[0.050s] [ 10%] Built target allan_variance_ros2_msg__rosidl_generator_c
[0.060s] [ 10%] Built target ament_cmake_python_symlink_allan_variance_ros2
[0.061s] [35m[1mConsolidate compiler generated dependencies of target allan_variance_ros2_msg__rosidl_typesupport_fastrtps_c[0m
[0.061s] [35m[1mConsolidate compiler generated dependencies of target allan_variance_ros2_msg__rosidl_typesupport_c[0m
[0.062s] [35m[1mConsolidate compiler generated dependencies of target allan_variance_ros2_msg__rosidl_typesupport_introspection_c[0m
[0.066s] [ 13%] [32mBuilding CXX object CMakeFiles/allan_variance_ros2.dir/src/AllanVarianceComputor.cpp.o[0m
[0.074s] [ 24%] Built target allan_variance_ros2_msg__rosidl_typesupport_introspection_cpp
[0.074s] [ 29%] Built target allan_variance_ros2_msg__rosidl_typesupport_cpp
[0.074s] [ 37%] Built target allan_variance_ros2_msg__rosidl_typesupport_c
[0.075s] [ 45%] Built target allan_variance_ros2_msg__rosidl_typesupport_fastrtps_cpp
[0.075s] [ 54%] Built target allan_variance_ros2_msg__rosidl_typesupport_introspection_c
[0.075s] [ 62%] Built target allan_variance_ros2_msg__rosidl_typesupport_fastrtps_c
[0.078s] [01m[K/home/ws/src/src/AllanVarianceComputor.cpp:2:10:[m[K [01;31m[Kfatal error: [m[Kallan_variance_ros/AllanVarianceComputor.hpp: No such file or directory
[0.078s]     2 | #include [01;31m[K"allan_variance_ros/AllanVarianceComputor.hpp"[m[K
[0.078s]       |          [01;31m[K^~~~~~~~~~~~~~~~~~~~~~~~~~~~~~~~~~~~~~~~~~~~~~[m[K
[0.079s] compilation terminated.
[0.088s] gmake[2]: *** [CMakeFiles/allan_variance_ros2.dir/build.make:104: CMakeFiles/allan_variance_ros2.dir/src/AllanVarianceComputor.cpp.o] Error 1
[0.088s] gmake[1]: *** [CMakeFiles/Makefile2:184: CMakeFiles/allan_variance_ros2.dir/all] Error 2
[0.088s] gmake[1]: *** Waiting for unfinished jobs....
[0.092s] [ 62%] Built target allan_variance_ros2_msg
[0.253s] running egg_info
[0.254s] writing allan_variance_ros2.egg-info/PKG-INFO
[0.254s] writing dependency_links to allan_variance_ros2.egg-info/dependency_links.txt
[0.254s] writing top-level names to allan_variance_ros2.egg-info/top_level.txt
[0.256s] reading manifest file 'allan_variance_ros2.egg-info/SOURCES.txt'
[0.257s] writing manifest file 'allan_variance_ros2.egg-info/SOURCES.txt'
[0.279s] [ 62%] Built target ament_cmake_python_build_allan_variance_ros2_egg
[0.280s] gmake: *** [Makefile:146: all] Error 2
[0.281s] Invoked command in '/home/ws/build/allan_variance_ros2' returned '2': CMAKE_PREFIX_PATH=${CMAKE_PREFIX_PATH}:/opt/ros/humble /usr/bin/cmake --build /home/ws/build/allan_variance_ros2 -- -j12 -l12
