[01m[K/home/ws/src/src/ImuMeasurement.cpp:2:10:[m[K [01;31m[Kfatal error: [m[Kallan_variance_ros2/ImuMeasurement.hpp: No such file or directory
    2 | #include [01;31m[K"allan_variance_ros2/ImuMeasurement.hpp"[m[K
      |          [01;31m[K^~~~~~~~~~~~~~~~~~~~~~~~~~~~~~~~~~~~~~~~[m[K
compilation terminated.
[01m[K/home/ws/src/src/yaml_parsers.cpp:1:10:[m[K [01;31m[Kfatal error: [m[Kallan_variance_ros2/yaml_parsers.hpp: No such file or directory
    1 | #include [01;31m[K"allan_variance_ros2/yaml_parsers.hpp"[m[K
      |          [01;31m[K^~~~~~~~~~~~~~~~~~~~~~~~~~~~~~~~~~~~~~[m[K
compilation terminated.
gmake[2]: *** [CMakeFiles/allan_variance_ros2.dir/build.make:76: CMakeFiles/allan_variance_ros2.dir/src/ImuMeasurement.cpp.o] Error 1
gmake[2]: *** Waiting for unfinished jobs....
gmake[2]: *** [CMakeFiles/allan_variance_ros2.dir/build.make:90: CMakeFiles/allan_variance_ros2.dir/src/yaml_parsers.cpp.o] Error 1
In file included from [01m[K/home/ws/src/src/AllanVarianceComputor.cpp:2[m[K:
[01m[K/home/ws/src/include/allan_variance_ros/AllanVarianceComputor.hpp:9:10:[m[K [01;31m[Kfatal error: [m[Kallan_variance_ros2/msg/Imu9DoF.hpp: No such file or directory
    9 | #include [01;31m[K"allan_variance_ros2/msg/Imu9DoF.hpp"[m[K
      |          [01;31m[K^~~~~~~~~~~~~~~~~~~~~~~~~~~~~~~~~~~~~[m[K
compilation terminated.
gmake[2]: *** [CMakeFiles/allan_variance_ros2.dir/build.make:104: CMakeFiles/allan_variance_ros2.dir/src/AllanVarianceComputor.cpp.o] Error 1
gmake[1]: *** [CMakeFiles/Makefile2:184: CMakeFiles/allan_variance_ros2.dir/all] Error 2
gmake[1]: *** Waiting for unfinished jobs....
gmake: *** [Makefile:146: all] Error 2
