-- The C compiler identification is GNU 11.4.0
-- The CXX compiler identification is GNU 11.4.0
-- Detecting C compiler ABI info
-- Detecting C compiler ABI info - done
-- Check for working C compiler: /usr/bin/cc - skipped
-- Detecting C compile features
-- Detecting C compile features - done
-- Detecting CXX compiler ABI info
-- Detecting CXX compiler ABI info - done
-- Check for working CXX compiler: /usr/bin/c++ - skipped
-- Detecting CXX compile features
-- Detecting CXX compile features - done
-- Found ament_cmake: 1.3.5 (/opt/ros/humble/share/ament_cmake/cmake)
-- Found Python3: /usr/bin/python3.10 (found version "3.10.12") found components: Interpreter 
-- Override CMake install command with custom implementation using symlinks instead of copying resources
-- Found rclcpp: 16.0.5 (/opt/ros/humble/share/rclcpp/cmake)
-- Found rosidl_generator_c: 3.1.5 (/opt/ros/humble/share/rosidl_generator_c/cmake)
-- Found rosidl_adapter: 3.1.5 (/opt/ros/humble/share/rosidl_adapter/cmake)
-- Found rosidl_generator_cpp: 3.1.5 (/opt/ros/humble/share/rosidl_generator_cpp/cmake)
-- Using all available rosidl_typesupport_c: rosidl_typesupport_fastrtps_c;rosidl_typesupport_introspection_c
-- Using all available rosidl_typesupport_cpp: rosidl_typesupport_fastrtps_cpp;rosidl_typesupport_introspection_cpp
-- Found rmw_implementation_cmake: 6.1.1 (/opt/ros/humble/share/rmw_implementation_cmake/cmake)
-- Found rmw_fastrtps_cpp: 6.2.3 (/opt/ros/humble/share/rmw_fastrtps_cpp/cmake)
-- Found OpenSSL: /usr/lib/x86_64-linux-gnu/libcrypto.so (found version "3.0.2")  
-- Found FastRTPS: /opt/ros/humble/include  
-- Using RMW implementation 'rmw_fastrtps_cpp' as default
-- Looking for pthread.h
-- Looking for pthread.h - found
-- Performing Test CMAKE_HAVE_LIBC_PTHREAD
-- Performing Test CMAKE_HAVE_LIBC_PTHREAD - Success
-- Found Threads: TRUE  
-- Found rosbag2_cpp: 0.15.7 (/opt/ros/humble/share/rosbag2_cpp/cmake)
-- Found Boost: /usr/lib/x86_64-linux-gnu/cmake/Boost-1.74.0/BoostConfig.cmake (found version "1.74.0") found components: filesystem 
-- Found geometry_msgs: 4.2.3 (/opt/ros/humble/share/geometry_msgs/cmake)
-- Found tf2: 0.25.3 (/opt/ros/humble/share/tf2/cmake)
-- Found OpenMP_C: -fopenmp (found version "4.5") 
-- Found OpenMP_CXX: -fopenmp (found version "4.5") 
-- Found OpenMP: TRUE (found version "4.5")  
-- OpenMP found will try to link!
-- Found rosidl_default_generators: 1.2.0 (/opt/ros/humble/share/rosidl_default_generators/cmake)
-- Found ament_cmake_ros: 0.10.0 (/opt/ros/humble/share/ament_cmake_ros/cmake)
-- Using all available rosidl_typesupport_c: rosidl_typesupport_fastrtps_c;rosidl_typesupport_introspection_c
-- Using all available rosidl_typesupport_cpp: rosidl_typesupport_fastrtps_cpp;rosidl_typesupport_introspection_cpp
-- Found PythonInterp: /usr/bin/python3 (found suitable version "3.10.12", minimum required is "3.6") 
-- Found python_cmake_module: 0.10.0 (/opt/ros/humble/share/python_cmake_module/cmake)
-- Found PythonLibs: /usr/lib/x86_64-linux-gnu/libpython3.10.so (found suitable version "3.10.12", minimum required is "3.5") 
-- Using PYTHON_EXECUTABLE: /usr/bin/python3
-- Using PYTHON_INCLUDE_DIRS: /usr/include/python3.10
-- Using PYTHON_LIBRARIES: /usr/lib/x86_64-linux-gnu/libpython3.10.so
-- Found PythonExtra: .so  
-- Configuring done
-- Generating done
-- Build files have been written to: /home/ws/build/allan_variance_ros2
[  2%] [34m[1mGenerating C code for ROS interfaces[0m
[  5%] [32mBuilding CXX object CMakeFiles/allan_variance_ros2.dir/src/ImuMeasurement.cpp.o[0m
[  8%] [34m[1mGenerating C++ code for ROS interfaces[0m
[ 10%] [32mBuilding CXX object CMakeFiles/allan_variance_ros2.dir/src/AllanVarianceComputor.cpp.o[0m
[ 13%] [32mBuilding CXX object CMakeFiles/allan_variance_ros2.dir/src/yaml_parsers.cpp.o[0m
[ 13%] Built target ament_cmake_python_symlink_allan_variance_ros2
[01m[K/home/ws/src/src/ImuMeasurement.cpp:2:10:[m[K [01;31m[Kfatal error: [m[Kallan_variance_ros2/ImuMeasurement.hpp: No such file or directory
    2 | #include [01;31m[K"allan_variance_ros2/ImuMeasurement.hpp"[m[K
      |          [01;31m[K^~~~~~~~~~~~~~~~~~~~~~~~~~~~~~~~~~~~~~~~[m[K
compilation terminated.
[01m[K/home/ws/src/src/yaml_parsers.cpp:1:10:[m[K [01;31m[Kfatal error: [m[Kallan_variance_ros2/yaml_parsers.hpp: No such file or directory
    1 | #include [01;31m[K"allan_variance_ros2/yaml_parsers.hpp"[m[K
      |          [01;31m[K^~~~~~~~~~~~~~~~~~~~~~~~~~~~~~~~~~~~~~[m[K
compilation terminated.
gmake[2]: *** [CMakeFiles/allan_variance_ros2.dir/build.make:76: CMakeFiles/allan_variance_ros2.dir/src/ImuMeasurement.cpp.o] Error 1
gmake[2]: *** Waiting for unfinished jobs....
gmake[2]: *** [CMakeFiles/allan_variance_ros2.dir/build.make:90: CMakeFiles/allan_variance_ros2.dir/src/yaml_parsers.cpp.o] Error 1
running egg_info
creating allan_variance_ros2.egg-info
writing allan_variance_ros2.egg-info/PKG-INFO
writing dependency_links to allan_variance_ros2.egg-info/dependency_links.txt
writing top-level names to allan_variance_ros2.egg-info/top_level.txt
writing manifest file 'allan_variance_ros2.egg-info/SOURCES.txt'
reading manifest file 'allan_variance_ros2.egg-info/SOURCES.txt'
writing manifest file 'allan_variance_ros2.egg-info/SOURCES.txt'
[ 13%] Built target ament_cmake_python_build_allan_variance_ros2_egg
[ 13%] Built target allan_variance_ros2_msg__cpp
[ 18%] [34m[1mGenerating C++ introspection for ROS interfaces[0m
[ 18%] [34m[1mGenerating C++ type support dispatch for ROS interfaces[0m
[ 21%] [34m[1mGenerating C++ type support for eProsima Fast-RTPS[0m
[ 24%] [32mBuilding C object CMakeFiles/allan_variance_ros2_msg__rosidl_generator_c.dir/rosidl_generator_c/allan_variance_ros2/msg/detail/imu9_do_f__functions.c.o[0m
In file included from [01m[K/home/ws/src/src/AllanVarianceComputor.cpp:2[m[K:
[01m[K/home/ws/src/include/allan_variance_ros/AllanVarianceComputor.hpp:9:10:[m[K [01;31m[Kfatal error: [m[Kallan_variance_ros2/msg/Imu9DoF.hpp: No such file or directory
    9 | #include [01;31m[K"allan_variance_ros2/msg/Imu9DoF.hpp"[m[K
      |          [01;31m[K^~~~~~~~~~~~~~~~~~~~~~~~~~~~~~~~~~~~~[m[K
compilation terminated.
gmake[2]: *** [CMakeFiles/allan_variance_ros2.dir/build.make:104: CMakeFiles/allan_variance_ros2.dir/src/AllanVarianceComputor.cpp.o] Error 1
gmake[1]: *** [CMakeFiles/Makefile2:184: CMakeFiles/allan_variance_ros2.dir/all] Error 2
gmake[1]: *** Waiting for unfinished jobs....
[ 27%] [32m[1mLinking C shared library liballan_variance_ros2_msg__rosidl_generator_c.so[0m
[ 27%] Built target allan_variance_ros2_msg__rosidl_generator_c
[ 29%] [32mBuilding CXX object CMakeFiles/allan_variance_ros2_msg__rosidl_typesupport_cpp.dir/rosidl_typesupport_cpp/allan_variance_ros2/msg/imu9_do_f__type_support.cpp.o[0m
[ 32%] [32mBuilding CXX object CMakeFiles/allan_variance_ros2_msg__rosidl_typesupport_introspection_cpp.dir/rosidl_typesupport_introspection_cpp/allan_variance_ros2/msg/detail/imu9_do_f__type_support.cpp.o[0m
[ 35%] [32mBuilding CXX object CMakeFiles/allan_variance_ros2_msg__rosidl_typesupport_fastrtps_cpp.dir/rosidl_typesupport_fastrtps_cpp/allan_variance_ros2/msg/detail/dds_fastrtps/imu9_do_f__type_support.cpp.o[0m
[ 37%] [32m[1mLinking CXX shared library liballan_variance_ros2_msg__rosidl_typesupport_cpp.so[0m
[ 37%] Built target allan_variance_ros2_msg__rosidl_typesupport_cpp
[ 40%] [32m[1mLinking CXX shared library liballan_variance_ros2_msg__rosidl_typesupport_introspection_cpp.so[0m
[ 43%] [32m[1mLinking CXX shared library liballan_variance_ros2_msg__rosidl_typesupport_fastrtps_cpp.so[0m
[ 43%] Built target allan_variance_ros2_msg__rosidl_typesupport_introspection_cpp
[ 43%] Built target allan_variance_ros2_msg__rosidl_typesupport_fastrtps_cpp
gmake: *** [Makefile:146: all] Error 2
