[0.011s] Invoking command in '/home/ws/build/allan_variance_ros2': CMAKE_PREFIX_PATH=${CMAKE_PREFIX_PATH}:/opt/ros/humble /usr/bin/cmake /home/ws/src -DAMENT_CMAKE_SYMLINK_INSTALL=1 -DCMAKE_INSTALL_PREFIX=/home/ws/install/allan_variance_ros2
[0.054s] -- The C compiler identification is GNU 11.4.0
[0.097s] -- The CXX compiler identification is GNU 11.4.0
[0.102s] -- Detecting C compiler ABI info
[0.151s] -- Detecting C compiler ABI info - done
[0.158s] -- Check for working C compiler: /usr/bin/cc - skipped
[0.158s] -- Detecting C compile features
[0.158s] -- Detecting C compile features - done
[0.161s] -- Detecting CXX compiler ABI info
[0.218s] -- Detecting CXX compiler ABI info - done
[0.226s] -- Check for working CXX compiler: /usr/bin/c++ - skipped
[0.226s] -- Detecting CXX compile features
[0.226s] -- Detecting CXX compile features - done
[0.228s] -- Found ament_cmake: 1.3.5 (/opt/ros/humble/share/ament_cmake/cmake)
[0.364s] -- Found Python3: /usr/bin/python3.10 (found version "3.10.12") found components: Interpreter 
[0.414s] -- Override CMake install command with custom implementation using symlinks instead of copying resources
[0.442s] -- Found rclcpp: 16.0.5 (/opt/ros/humble/share/rclcpp/cmake)
[0.474s] -- Found rosidl_generator_c: 3.1.5 (/opt/ros/humble/share/rosidl_generator_c/cmake)
[0.478s] -- Found rosidl_adapter: 3.1.5 (/opt/ros/humble/share/rosidl_adapter/cmake)
[0.484s] -- Found rosidl_generator_cpp: 3.1.5 (/opt/ros/humble/share/rosidl_generator_cpp/cmake)
[0.496s] -- Using all available rosidl_typesupport_c: rosidl_typesupport_fastrtps_c;rosidl_typesupport_introspection_c
[0.513s] -- Using all available rosidl_typesupport_cpp: rosidl_typesupport_fastrtps_cpp;rosidl_typesupport_introspection_cpp
[0.577s] -- Found rmw_implementation_cmake: 6.1.1 (/opt/ros/humble/share/rmw_implementation_cmake/cmake)
[0.579s] -- Found rmw_fastrtps_cpp: 6.2.3 (/opt/ros/humble/share/rmw_fastrtps_cpp/cmake)
[0.651s] -- Found OpenSSL: /usr/lib/x86_64-linux-gnu/libcrypto.so (found version "3.0.2")  
[0.666s] -- Found FastRTPS: /opt/ros/humble/include  
[0.706s] -- Using RMW implementation 'rmw_fastrtps_cpp' as default
[0.707s] -- Looking for pthread.h
[0.769s] -- Looking for pthread.h - found
[0.769s] -- Performing Test CMAKE_HAVE_LIBC_PTHREAD
[0.826s] -- Performing Test CMAKE_HAVE_LIBC_PTHREAD - Success
[0.827s] -- Found Threads: TRUE  
[0.990s] -- Found rosbag2_cpp: 0.15.7 (/opt/ros/humble/share/rosbag2_cpp/cmake)
[1.040s] -- Found Boost: /usr/lib/x86_64-linux-gnu/cmake/Boost-1.74.0/BoostConfig.cmake (found version "1.74.0") found components: filesystem 
[1.042s] -- Found geometry_msgs: 4.2.3 (/opt/ros/humble/share/geometry_msgs/cmake)
[1.086s] -- Found tf2: 0.25.3 (/opt/ros/humble/share/tf2/cmake)
[1.275s] -- Found OpenMP_C: -fopenmp (found version "4.5") 
[1.340s] -- Found OpenMP_CXX: -fopenmp (found version "4.5") 
[1.340s] -- Found OpenMP: TRUE (found version "4.5")  
[1.340s] -- OpenMP found will try to link!
[1.345s] -- Found rosidl_default_generators: 1.2.0 (/opt/ros/humble/share/rosidl_default_generators/cmake)
[1.591s] -- Found ament_cmake_ros: 0.10.0 (/opt/ros/humble/share/ament_cmake_ros/cmake)
[1.948s] -- Using all available rosidl_typesupport_c: rosidl_typesupport_fastrtps_c;rosidl_typesupport_introspection_c
[2.086s] -- Using all available rosidl_typesupport_cpp: rosidl_typesupport_fastrtps_cpp;rosidl_typesupport_introspection_cpp
[2.105s] -- Found PythonInterp: /usr/bin/python3 (found suitable version "3.10.12", minimum required is "3.6") 
[2.106s] -- Found python_cmake_module: 0.10.0 (/opt/ros/humble/share/python_cmake_module/cmake)
[2.126s] -- Found PythonLibs: /usr/lib/x86_64-linux-gnu/libpython3.10.so (found suitable version "3.10.12", minimum required is "3.5") 
[2.126s] -- Using PYTHON_EXECUTABLE: /usr/bin/python3
[2.126s] -- Using PYTHON_INCLUDE_DIRS: /usr/include/python3.10
[2.126s] -- Using PYTHON_LIBRARIES: /usr/lib/x86_64-linux-gnu/libpython3.10.so
[2.145s] -- Found PythonExtra: .so  
[2.204s] -- Configuring done
[2.239s] -- Generating done
[2.242s] -- Build files have been written to: /home/ws/build/allan_variance_ros2
[2.250s] Invoked command in '/home/ws/build/allan_variance_ros2' returned '0': CMAKE_PREFIX_PATH=${CMAKE_PREFIX_PATH}:/opt/ros/humble /usr/bin/cmake /home/ws/src -DAMENT_CMAKE_SYMLINK_INSTALL=1 -DCMAKE_INSTALL_PREFIX=/home/ws/install/allan_variance_ros2
[2.250s] Invoking command in '/home/ws/build/allan_variance_ros2': CMAKE_PREFIX_PATH=${CMAKE_PREFIX_PATH}:/opt/ros/humble /usr/bin/cmake --build /home/ws/build/allan_variance_ros2 -- -j12 -l12
[2.279s] [  2%] [34m[1mGenerating C code for ROS interfaces[0m
[2.288s] [  5%] [32mBuilding CXX object CMakeFiles/allan_variance_ros2.dir/src/ImuMeasurement.cpp.o[0m
[2.288s] [  8%] [34m[1mGenerating C++ code for ROS interfaces[0m
[2.288s] [ 10%] [32mBuilding CXX object CMakeFiles/allan_variance_ros2.dir/src/AllanVarianceComputor.cpp.o[0m
[2.289s] [ 13%] [32mBuilding CXX object CMakeFiles/allan_variance_ros2.dir/src/yaml_parsers.cpp.o[0m
[2.293s] [ 13%] Built target ament_cmake_python_symlink_allan_variance_ros2
[2.297s] [01m[K/home/ws/src/src/ImuMeasurement.cpp:2:10:[m[K [01;31m[Kfatal error: [m[Kallan_variance_ros2/ImuMeasurement.hpp: No such file or directory
[2.297s]     2 | #include [01;31m[K"allan_variance_ros2/ImuMeasurement.hpp"[m[K
[2.297s]       |          [01;31m[K^~~~~~~~~~~~~~~~~~~~~~~~~~~~~~~~~~~~~~~~[m[K
[2.297s] compilation terminated.
[2.298s] [01m[K/home/ws/src/src/yaml_parsers.cpp:1:10:[m[K [01;31m[Kfatal error: [m[Kallan_variance_ros2/yaml_parsers.hpp: No such file or directory
[2.298s]     1 | #include [01;31m[K"allan_variance_ros2/yaml_parsers.hpp"[m[K
[2.298s]       |          [01;31m[K^~~~~~~~~~~~~~~~~~~~~~~~~~~~~~~~~~~~~~[m[K
[2.298s] compilation terminated.
[2.306s] gmake[2]: *** [CMakeFiles/allan_variance_ros2.dir/build.make:76: CMakeFiles/allan_variance_ros2.dir/src/ImuMeasurement.cpp.o] Error 1
[2.306s] gmake[2]: *** Waiting for unfinished jobs....
[2.306s] gmake[2]: *** [CMakeFiles/allan_variance_ros2.dir/build.make:90: CMakeFiles/allan_variance_ros2.dir/src/yaml_parsers.cpp.o] Error 1
[2.479s] running egg_info
[2.480s] creating allan_variance_ros2.egg-info
[2.480s] writing allan_variance_ros2.egg-info/PKG-INFO
[2.480s] writing dependency_links to allan_variance_ros2.egg-info/dependency_links.txt
[2.480s] writing top-level names to allan_variance_ros2.egg-info/top_level.txt
[2.480s] writing manifest file 'allan_variance_ros2.egg-info/SOURCES.txt'
[2.482s] reading manifest file 'allan_variance_ros2.egg-info/SOURCES.txt'
[2.483s] writing manifest file 'allan_variance_ros2.egg-info/SOURCES.txt'
[2.507s] [ 13%] Built target ament_cmake_python_build_allan_variance_ros2_egg
[2.507s] [ 13%] Built target allan_variance_ros2_msg__cpp
[2.514s] [ 18%] [34m[1mGenerating C++ introspection for ROS interfaces[0m
[2.514s] [ 18%] [34m[1mGenerating C++ type support dispatch for ROS interfaces[0m
[2.514s] [ 21%] [34m[1mGenerating C++ type support for eProsima Fast-RTPS[0m
[2.522s] [ 24%] [32mBuilding C object CMakeFiles/allan_variance_ros2_msg__rosidl_generator_c.dir/rosidl_generator_c/allan_variance_ros2/msg/detail/imu9_do_f__functions.c.o[0m
[2.524s] In file included from [01m[K/home/ws/src/src/AllanVarianceComputor.cpp:2[m[K:
[2.524s] [01m[K/home/ws/src/include/allan_variance_ros/AllanVarianceComputor.hpp:9:10:[m[K [01;31m[Kfatal error: [m[Kallan_variance_ros2/msg/Imu9DoF.hpp: No such file or directory
[2.524s]     9 | #include [01;31m[K"allan_variance_ros2/msg/Imu9DoF.hpp"[m[K
[2.524s]       |          [01;31m[K^~~~~~~~~~~~~~~~~~~~~~~~~~~~~~~~~~~~~[m[K
[2.525s] compilation terminated.
[2.534s] gmake[2]: *** [CMakeFiles/allan_variance_ros2.dir/build.make:104: CMakeFiles/allan_variance_ros2.dir/src/AllanVarianceComputor.cpp.o] Error 1
[2.534s] gmake[1]: *** [CMakeFiles/Makefile2:184: CMakeFiles/allan_variance_ros2.dir/all] Error 2
[2.534s] gmake[1]: *** Waiting for unfinished jobs....
[2.570s] [ 27%] [32m[1mLinking C shared library liballan_variance_ros2_msg__rosidl_generator_c.so[0m
[2.600s] [ 27%] Built target allan_variance_ros2_msg__rosidl_generator_c
[2.721s] [ 29%] [32mBuilding CXX object CMakeFiles/allan_variance_ros2_msg__rosidl_typesupport_cpp.dir/rosidl_typesupport_cpp/allan_variance_ros2/msg/imu9_do_f__type_support.cpp.o[0m
[2.726s] [ 32%] [32mBuilding CXX object CMakeFiles/allan_variance_ros2_msg__rosidl_typesupport_introspection_cpp.dir/rosidl_typesupport_introspection_cpp/allan_variance_ros2/msg/detail/imu9_do_f__type_support.cpp.o[0m
[2.741s] [ 35%] [32mBuilding CXX object CMakeFiles/allan_variance_ros2_msg__rosidl_typesupport_fastrtps_cpp.dir/rosidl_typesupport_fastrtps_cpp/allan_variance_ros2/msg/detail/dds_fastrtps/imu9_do_f__type_support.cpp.o[0m
[2.953s] [ 37%] [32m[1mLinking CXX shared library liballan_variance_ros2_msg__rosidl_typesupport_cpp.so[0m
[2.985s] [ 37%] Built target allan_variance_ros2_msg__rosidl_typesupport_cpp
[3.046s] [ 40%] [32m[1mLinking CXX shared library liballan_variance_ros2_msg__rosidl_typesupport_introspection_cpp.so[0m
[3.073s] [ 43%] [32m[1mLinking CXX shared library liballan_variance_ros2_msg__rosidl_typesupport_fastrtps_cpp.so[0m
[3.093s] [ 43%] Built target allan_variance_ros2_msg__rosidl_typesupport_introspection_cpp
[3.132s] [ 43%] Built target allan_variance_ros2_msg__rosidl_typesupport_fastrtps_cpp
[3.133s] gmake: *** [Makefile:146: all] Error 2
[3.134s] Invoked command in '/home/ws/build/allan_variance_ros2' returned '2': CMAKE_PREFIX_PATH=${CMAKE_PREFIX_PATH}:/opt/ros/humble /usr/bin/cmake --build /home/ws/build/allan_variance_ros2 -- -j12 -l12
